This is pdfTeX, Version 3.14159265-2.6-1.40.19 (TeX Live 2019/dev/Debian) (preloaded format=pdflatex 2019.10.1)  21 AUG 2020 16:34
entering extended mode
 restricted \write18 enabled.
 %&-line parsing enabled.
**./images.tex
(./images.tex
LaTeX2e <2018-12-01>

(/usr/share/texlive/texmf-dist/tex/latex/base/article.cls
Document Class: article 2018/09/03 v1.4i Standard LaTeX document class
(/usr/share/texlive/texmf-dist/tex/latex/base/size10.clo
File: size10.clo 2018/09/03 v1.4i Standard LaTeX file (size option)
)
\c@part=\count80
\c@section=\count81
\c@subsection=\count82
\c@subsubsection=\count83
\c@paragraph=\count84
\c@subparagraph=\count85
\c@figure=\count86
\c@table=\count87
\abovecaptionskip=\skip41
\belowcaptionskip=\skip42
\bibindent=\dimen102
) (/usr/share/texlive/texmf-dist/tex/latex/base/ifthen.sty
Package: ifthen 2014/09/29 v1.1c Standard LaTeX ifthen package (DPC)
) (/usr/share/texlive/texmf-dist/tex/latex/amsmath/amsmath.sty
Package: amsmath 2018/12/01 v2.17b AMS math features
\@mathmargin=\skip43
For additional information on amsmath, use the `?' option.
(/usr/share/texlive/texmf-dist/tex/latex/amsmath/amstext.sty
Package: amstext 2000/06/29 v2.01 AMS text
(/usr/share/texlive/texmf-dist/tex/latex/amsmath/amsgen.sty
File: amsgen.sty 1999/11/30 v2.0 generic functions
\@emptytoks=\toks14
\ex@=\dimen103
)) (/usr/share/texlive/texmf-dist/tex/latex/amsmath/amsbsy.sty
Package: amsbsy 1999/11/29 v1.2d Bold Symbols
\pmbraise@=\dimen104
) (/usr/share/texlive/texmf-dist/tex/latex/amsmath/amsopn.sty
Package: amsopn 2016/03/08 v2.02 operator names
)
\inf@bad=\count88
LaTeX Info: Redefining \frac on input line 223.
\uproot@=\count89
\leftroot@=\count90
LaTeX Info: Redefining \overline on input line 385.
\classnum@=\count91
\DOTSCASE@=\count92
LaTeX Info: Redefining \ldots on input line 482.
LaTeX Info: Redefining \dots on input line 485.
LaTeX Info: Redefining \cdots on input line 606.
\Mathstrutbox@=\box27
\strutbox@=\box28
\big@size=\dimen105
LaTeX Font Info:    Redeclaring font encoding OML on input line 729.
LaTeX Font Info:    Redeclaring font encoding OMS on input line 730.
\macc@depth=\count93
\c@MaxMatrixCols=\count94
\dotsspace@=\muskip10
\c@parentequation=\count95
\dspbrk@lvl=\count96
\tag@help=\toks15
\row@=\count97
\column@=\count98
\maxfields@=\count99
\andhelp@=\toks16
\eqnshift@=\dimen106
\alignsep@=\dimen107
\tagshift@=\dimen108
\tagwidth@=\dimen109
\totwidth@=\dimen110
\lineht@=\dimen111
\@envbody=\toks17
\multlinegap=\skip44
\multlinetaggap=\skip45
\mathdisplay@stack=\toks18
LaTeX Info: Redefining \[ on input line 2844.
LaTeX Info: Redefining \] on input line 2845.
) (/usr/share/texlive/texmf-dist/tex/latex/amscls/amsthm.sty
Package: amsthm 2017/10/31 v2.20.4
\thm@style=\toks19
\thm@bodyfont=\toks20
\thm@headfont=\toks21
\thm@notefont=\toks22
\thm@headpunct=\toks23
\thm@preskip=\skip46
\thm@postskip=\skip47
\thm@headsep=\skip48
\dth@everypar=\toks24
) (/usr/share/texlive/texmf-dist/tex/latex/amsfonts/amsfonts.sty
Package: amsfonts 2013/01/14 v3.01 Basic AMSFonts support
\symAMSa=\mathgroup4
\symAMSb=\mathgroup5
LaTeX Font Info:    Overwriting math alphabet `\mathfrak' in version `bold'
(Font)                  U/euf/m/n --> U/euf/b/n on input line 106.
) (/usr/share/texlive/texmf-dist/tex/latex/blindtext/blindtext.sty
Package: blindtext 2012/01/06 V2.0 blindtext-Package
(/usr/share/texlive/texmf-dist/tex/latex/tools/xspace.sty
Package: xspace 2014/10/28 v1.13 Space after command names (DPC,MH)
)
\c@blindtext=\count100
\c@Blindtext=\count101
\c@blind@countparstart=\count102
\blind@countxx=\count103
\blindtext@numBlindtext=\count104
\blind@countyy=\count105
\c@blindlist=\count106
\c@blindlistlevel=\count107
\c@blindlist@level=\count108
\blind@listitem=\count109
\c@blind@listcount=\count110
\c@blind@levelcount=\count111
\blind@mathformula=\count112
\blind@Mathformula=\count113
\c@blind@randomcount=\count114
\c@blind@randommax=\count115
\c@blind@pangramcount=\count116
\c@blind@pangrammax=\count117
) (/usr/share/texlive/texmf-dist/tex/latex/amsfonts/amssymb.sty
Package: amssymb 2013/01/14 v3.01 AMS font symbols
) (/usr/share/texlive/texmf-dist/tex/latex/subfigure/subfigure.sty
Package: subfigure 2002/03/15 v2.1.5 subfigure package
\subfigtopskip=\skip49
\subfigcapskip=\skip50
\subfigcaptopadj=\dimen112
\subfigbottomskip=\skip51
\subfigcapmargin=\dimen113
\subfiglabelskip=\skip52
\c@subfigure=\count118
\c@lofdepth=\count119
\c@subtable=\count120
\c@lotdepth=\count121
****************************************
* Local config file subfigure.cfg used *
****************************************
(/usr/share/texlive/texmf-dist/tex/latex/subfigure/subfigure.cfg)
\subfig@top=\skip53
\subfig@bottom=\skip54
) (/usr/share/texlive/texmf-dist/tex/latex/tools/multicol.sty
Package: multicol 2018/12/27 v1.8v multicolumn formatting (FMi)
\c@tracingmulticols=\count122
\mult@box=\box29
\multicol@leftmargin=\dimen114
\c@unbalance=\count123
\c@collectmore=\count124
\doublecol@number=\count125
\multicoltolerance=\count126
\multicolpretolerance=\count127
\full@width=\dimen115
\page@free=\dimen116
\premulticols=\dimen117
\postmulticols=\dimen118
\multicolsep=\skip55
\multicolbaselineskip=\skip56
\partial@page=\box30
\last@line=\box31
\maxbalancingoverflow=\dimen119
\mult@rightbox=\box32
\mult@grightbox=\box33
\mult@gfirstbox=\box34
\mult@firstbox=\box35
\@tempa=\box36
\@tempa=\box37
\@tempa=\box38
\@tempa=\box39
\@tempa=\box40
\@tempa=\box41
\@tempa=\box42
\@tempa=\box43
\@tempa=\box44
\@tempa=\box45
\@tempa=\box46
\@tempa=\box47
\@tempa=\box48
\@tempa=\box49
\@tempa=\box50
\@tempa=\box51
\@tempa=\box52
\c@columnbadness=\count128
\c@finalcolumnbadness=\count129
\last@try=\dimen120
\multicolovershoot=\dimen121
\multicolundershoot=\dimen122
\mult@nat@firstbox=\box53
\colbreak@box=\box54
\mc@col@check@num=\count130
) (/usr/share/texlive/texmf-dist/tex/latex/graphics/graphicx.sty
Package: graphicx 2017/06/01 v1.1a Enhanced LaTeX Graphics (DPC,SPQR)
(/usr/share/texlive/texmf-dist/tex/latex/graphics/keyval.sty
Package: keyval 2014/10/28 v1.15 key=value parser (DPC)
\KV@toks@=\toks25
) (/usr/share/texlive/texmf-dist/tex/latex/graphics/graphics.sty
Package: graphics 2017/06/25 v1.2c Standard LaTeX Graphics (DPC,SPQR)
(/usr/share/texlive/texmf-dist/tex/latex/graphics/trig.sty
Package: trig 2016/01/03 v1.10 sin cos tan (DPC)
) (/usr/share/texlive/texmf-dist/tex/latex/graphics-cfg/graphics.cfg
File: graphics.cfg 2016/06/04 v1.11 sample graphics configuration
)
Package graphics Info: Driver file: pdftex.def on input line 99.
(/usr/share/texlive/texmf-dist/tex/latex/graphics-def/pdftex.def
File: pdftex.def 2018/01/08 v1.0l Graphics/color driver for pdftex
))
\Gin@req@height=\dimen123
\Gin@req@width=\dimen124
) (/usr/share/texlive/texmf-dist/tex/latex/base/inputenc.sty
Package: inputenc 2018/08/11 v1.3c Input encoding file
\inpenc@prehook=\toks26
\inpenc@posthook=\toks27
) (/usr/share/texlive/texmf-dist/tex/generic/babel/babel.sty
Package: babel 2018/11/13 3.27 The Babel package
(/usr/share/texlive/texmf-dist/tex/generic/babel/switch.def
File: switch.def 2018/11/13 3.27 Babel switching mechanism
) (/usr/share/texlive/texmf-dist/tex/generic/babel-spanish/spanish.ldf
Language: spanish.ldf 2016/03/03 v5.0p Spanish support from the babel system
(/usr/share/texlive/texmf-dist/tex/generic/babel/babel.def
File: babel.def 2018/11/13 3.27 Babel common definitions
\babel@savecnt=\count131
\U@D=\dimen125
(/usr/share/texlive/texmf-dist/tex/generic/babel/txtbabel.def)
\bbl@dirlevel=\count132
)
\es@quottoks=\toks28
\es@quotdepth=\count133
Package babel Info: Making " an active character on input line 561.
Package babel Info: Making . an active character on input line 662.
Package babel Info: Making < an active character on input line 707.
Package babel Info: Making > an active character on input line 707.
)) (/usr/share/texlive/texmf-dist/tex/latex/geometry/geometry.sty
Package: geometry 2018/04/16 v5.8 Page Geometry
(/usr/share/texlive/texmf-dist/tex/generic/oberdiek/ifpdf.sty
Package: ifpdf 2018/09/07 v3.3 Provides the ifpdf switch
) (/usr/share/texlive/texmf-dist/tex/generic/oberdiek/ifvtex.sty
Package: ifvtex 2016/05/16 v1.6 Detect VTeX and its facilities (HO)
Package ifvtex Info: VTeX not detected.
) (/usr/share/texlive/texmf-dist/tex/generic/ifxetex/ifxetex.sty
Package: ifxetex 2010/09/12 v0.6 Provides ifxetex conditional
)
\Gm@cnth=\count134
\Gm@cntv=\count135
\c@Gm@tempcnt=\count136
\Gm@bindingoffset=\dimen126
\Gm@wd@mp=\dimen127
\Gm@odd@mp=\dimen128
\Gm@even@mp=\dimen129
\Gm@layoutwidth=\dimen130
\Gm@layoutheight=\dimen131
\Gm@layouthoffset=\dimen132
\Gm@layoutvoffset=\dimen133
\Gm@dimlist=\toks29
) (/usr/share/texlive/texmf-dist/tex/latex/tools/bm.sty
Package: bm 2017/01/16 v1.2c Bold Symbol Support (DPC/FMi)
\symboldoperators=\mathgroup6
\symboldletters=\mathgroup7
\symboldsymbols=\mathgroup8
LaTeX Font Info:    Redeclaring math alphabet \mathbf on input line 141.
LaTeX Info: Redefining \bm on input line 207.
) (/usr/share/texlive/texmf-dist/tex/latex/hyperref/hyperref.sty
Package: hyperref 2018/11/30 v6.88e Hypertext links for LaTeX
(/usr/share/texlive/texmf-dist/tex/generic/oberdiek/hobsub-hyperref.sty
Package: hobsub-hyperref 2016/05/16 v1.14 Bundle oberdiek, subset hyperref (HO)

(/usr/share/texlive/texmf-dist/tex/generic/oberdiek/hobsub-generic.sty
Package: hobsub-generic 2016/05/16 v1.14 Bundle oberdiek, subset generic (HO)
Package: hobsub 2016/05/16 v1.14 Construct package bundles (HO)
Package: infwarerr 2016/05/16 v1.4 Providing info/warning/error messages (HO)
Package: ltxcmds 2016/05/16 v1.23 LaTeX kernel commands for general use (HO)
Package: ifluatex 2016/05/16 v1.4 Provides the ifluatex switch (HO)
Package ifluatex Info: LuaTeX not detected.
Package hobsub Info: Skipping package `ifvtex' (already loaded).
Package: intcalc 2016/05/16 v1.2 Expandable calculations with integers (HO)
Package hobsub Info: Skipping package `ifpdf' (already loaded).
Package: etexcmds 2016/05/16 v1.6 Avoid name clashes with e-TeX commands (HO)
Package: kvsetkeys 2016/05/16 v1.17 Key value parser (HO)
Package: kvdefinekeys 2016/05/16 v1.4 Define keys (HO)
Package: pdftexcmds 2018/09/10 v0.29 Utility functions of pdfTeX for LuaTeX (HO
)
Package pdftexcmds Info: LuaTeX not detected.
Package pdftexcmds Info: \pdf@primitive is available.
Package pdftexcmds Info: \pdf@ifprimitive is available.
Package pdftexcmds Info: \pdfdraftmode found.
Package: pdfescape 2016/05/16 v1.14 Implements pdfTeX's escape features (HO)
Package: bigintcalc 2016/05/16 v1.4 Expandable calculations on big integers (HO
)
Package: bitset 2016/05/16 v1.2 Handle bit-vector datatype (HO)
Package: uniquecounter 2016/05/16 v1.3 Provide unlimited unique counter (HO)
)
Package hobsub Info: Skipping package `hobsub' (already loaded).
Package: letltxmacro 2016/05/16 v1.5 Let assignment for LaTeX macros (HO)
Package: hopatch 2016/05/16 v1.3 Wrapper for package hooks (HO)
Package: xcolor-patch 2016/05/16 xcolor patch
Package: atveryend 2016/05/16 v1.9 Hooks at the very end of document (HO)
Package atveryend Info: \enddocument detected (standard20110627).
Package: atbegshi 2016/06/09 v1.18 At begin shipout hook (HO)
Package: refcount 2016/05/16 v3.5 Data extraction from label references (HO)
Package: hycolor 2016/05/16 v1.8 Color options for hyperref/bookmark (HO)
) (/usr/share/texlive/texmf-dist/tex/latex/oberdiek/auxhook.sty
Package: auxhook 2016/05/16 v1.4 Hooks for auxiliary files (HO)
) (/usr/share/texlive/texmf-dist/tex/latex/oberdiek/kvoptions.sty
Package: kvoptions 2016/05/16 v3.12 Key value format for package options (HO)
)
\@linkdim=\dimen134
\Hy@linkcounter=\count137
\Hy@pagecounter=\count138
(/usr/share/texlive/texmf-dist/tex/latex/hyperref/pd1enc.def
File: pd1enc.def 2018/11/30 v6.88e Hyperref: PDFDocEncoding definition (HO)
Now handling font encoding PD1 ...
... no UTF-8 mapping file for font encoding PD1
)
\Hy@SavedSpaceFactor=\count139
(/usr/share/texlive/texmf-dist/tex/latex/latexconfig/hyperref.cfg
File: hyperref.cfg 2002/06/06 v1.2 hyperref configuration of TeXLive
)
Package hyperref Info: Option `colorlinks' set `false' on input line 4393.
Package hyperref Info: Hyper figures OFF on input line 4519.
Package hyperref Info: Link nesting OFF on input line 4524.
Package hyperref Info: Hyper index ON on input line 4527.
Package hyperref Info: Plain pages OFF on input line 4534.
Package hyperref Info: Backreferencing OFF on input line 4539.
Package hyperref Info: Implicit mode ON; LaTeX internals redefined.
Package hyperref Info: Bookmarks ON on input line 4772.
\c@Hy@tempcnt=\count140
(/usr/share/texlive/texmf-dist/tex/latex/url/url.sty
\Urlmuskip=\muskip11
Package: url 2013/09/16  ver 3.4  Verb mode for urls, etc.
)
LaTeX Info: Redefining \url on input line 5125.
\XeTeXLinkMargin=\dimen135
\Fld@menulength=\count141
\Field@Width=\dimen136
\Fld@charsize=\dimen137
Package hyperref Info: Hyper figures OFF on input line 6380.
Package hyperref Info: Link nesting OFF on input line 6385.
Package hyperref Info: Hyper index ON on input line 6388.
Package hyperref Info: backreferencing OFF on input line 6395.
Package hyperref Info: Link coloring OFF on input line 6400.
Package hyperref Info: Link coloring with OCG OFF on input line 6405.
Package hyperref Info: PDF/A mode OFF on input line 6410.
LaTeX Info: Redefining \ref on input line 6450.
LaTeX Info: Redefining \pageref on input line 6454.
\Hy@abspage=\count142
\c@Item=\count143
\c@Hfootnote=\count144
)
Package hyperref Info: Driver (autodetected): hpdftex.
(/usr/share/texlive/texmf-dist/tex/latex/hyperref/hpdftex.def
File: hpdftex.def 2018/11/30 v6.88e Hyperref driver for pdfTeX
\Fld@listcount=\count145
\c@bookmark@seq@number=\count146
(/usr/share/texlive/texmf-dist/tex/latex/oberdiek/rerunfilecheck.sty
Package: rerunfilecheck 2016/05/16 v1.8 Rerun checks for auxiliary files (HO)
Package uniquecounter Info: New unique counter `rerunfilecheck' on input line 2
82.
)
\Hy@SectionHShift=\skip57
) (/usr/share/texlive/texmf-dist/tex/latex/graphics/lscape.sty
Package: lscape 2000/10/22 v3.01 Landscape Pages (DPC)
) (/usr/share/texlive/texmf-dist/tex/latex/titlesec/titlesec.sty
Package: titlesec 2016/03/21 v2.10.2 Sectioning titles
\ttl@box=\box55
\beforetitleunit=\skip58
\aftertitleunit=\skip59
\ttl@plus=\dimen138
\ttl@minus=\dimen139
\ttl@toksa=\toks30
\titlewidth=\dimen140
\titlewidthlast=\dimen141
\titlewidthfirst=\dimen142
) (/usr/share/texlive/texmf-dist/tex/latex/titlesec/block.tss
File: block.tss 2016/03/15
)
\c@theorem=\count147
\c@corollary=\count148
\c@remark=\count149
\c@definition=\count150

Package amsthm Warning: Unknown theoremstyle `prop' on input line 44.

\c@prop=\count151
\c@ejer=\count152
(/usr/share/texlive/texmf-dist/tex/latex/xcolor/xcolor.sty
Package: xcolor 2016/05/11 v2.12 LaTeX color extensions (UK)
(/usr/share/texlive/texmf-dist/tex/latex/graphics-cfg/color.cfg
File: color.cfg 2016/01/02 v1.6 sample color configuration
)
Package xcolor Info: Driver file: pdftex.def on input line 225.
Package xcolor Info: Model `cmy' substituted by `cmy0' on input line 1348.
Package xcolor Info: Model `hsb' substituted by `rgb' on input line 1352.
Package xcolor Info: Model `RGB' extended on input line 1364.
Package xcolor Info: Model `HTML' substituted by `rgb' on input line 1366.
Package xcolor Info: Model `Hsb' substituted by `hsb' on input line 1367.
Package xcolor Info: Model `tHsb' substituted by `hsb' on input line 1368.
Package xcolor Info: Model `HSB' substituted by `hsb' on input line 1369.
Package xcolor Info: Model `Gray' substituted by `gray' on input line 1370.
Package xcolor Info: Model `wave' substituted by `hsb' on input line 1371.
)

! LaTeX Error: Option clash for package inputenc.

See the LaTeX manual or LaTeX Companion for explanation.
Type  H <return>  for immediate help.
 ...                                              
                                                  
l.54 
     
The package inputenc has already been loaded with options:
  [utf8]
There has now been an attempt to load it with options
  [latin1]
Adding the global options:
  utf8,latin1
to your \documentclass declaration may fix this.
Try typing  <return>  to proceed.

\sizebox=\box56
\lthtmlwrite=\write3
(/usr/share/texmf/tex/latex/preview/preview.sty
Package: preview 2017/04/24 11.91 (AUCTeX/preview-latex)
(/usr/share/texlive/texmf-dist/tex/generic/luatex85/luatex85.sty
Package: luatex85 2016/06/15 v1.4 pdftex aliases for luatex
) (/usr/share/texmf/tex/latex/preview/prtightpage.def
\PreviewBorder=\dimen143
)
\pr@snippet=\count153
\pr@box=\box57
\pr@output=\toks31
)
\lthtmlPageBox=\box58
\lthtmlCropMarkHeight=\dimen144
\lthtmlCropMarkDepth=\dimen145
! Too many }'s.
l.106 ...review}\copy\lthtmlPageBox\end{preview}}}
                                                  %
You've closed more groups than you opened.
Such booboos are generally harmless, so keep going.


LaTeX Warning: Unused global option(s):
    [secnumarabic,balancelastpage,amsmath,amssymb].

(./images.aux
LaTeX Info: Redefining \. on input line 23.
LaTeX Info: Redefining \% on input line 23.

LaTeX Warning: Label `fig:fig5.' multiply defined.

)
\openout1 = `images.aux'.

LaTeX Font Info:    Checking defaults for OML/cmm/m/it on input line 151.
LaTeX Font Info:    ... okay on input line 151.
LaTeX Font Info:    Checking defaults for T1/cmr/m/n on input line 151.
LaTeX Font Info:    ... okay on input line 151.
LaTeX Font Info:    Checking defaults for OT1/cmr/m/n on input line 151.
LaTeX Font Info:    ... okay on input line 151.
LaTeX Font Info:    Checking defaults for OMS/cmsy/m/n on input line 151.
LaTeX Font Info:    ... okay on input line 151.
LaTeX Font Info:    Checking defaults for OMX/cmex/m/n on input line 151.
LaTeX Font Info:    ... okay on input line 151.
LaTeX Font Info:    Checking defaults for U/cmr/m/n on input line 151.
LaTeX Font Info:    ... okay on input line 151.
LaTeX Font Info:    Checking defaults for PD1/pdf/m/n on input line 151.
LaTeX Font Info:    ... okay on input line 151.
(/usr/share/texlive/texmf-dist/tex/context/base/mkii/supp-pdf.mkii
[Loading MPS to PDF converter (version 2006.09.02).]
\scratchcounter=\count154
\scratchdimen=\dimen146
\scratchbox=\box59
\nofMPsegments=\count155
\nofMParguments=\count156
\everyMPshowfont=\toks32
\MPscratchCnt=\count157
\MPscratchDim=\dimen147
\MPnumerator=\count158
\makeMPintoPDFobject=\count159
\everyMPtoPDFconversion=\toks33
) (/usr/share/texlive/texmf-dist/tex/latex/oberdiek/epstopdf-base.sty
Package: epstopdf-base 2016/05/15 v2.6 Base part for package epstopdf
(/usr/share/texlive/texmf-dist/tex/latex/oberdiek/grfext.sty
Package: grfext 2016/05/16 v1.2 Manage graphics extensions (HO)
)
Package epstopdf-base Info: Redefining graphics rule for `.eps' on input line 4
38.
Package grfext Info: Graphics extension search list:
(grfext)             [.pdf,.png,.jpg,.mps,.jpeg,.jbig2,.jb2,.PDF,.PNG,.JPG,.JPE
G,.JBIG2,.JB2,.eps]
(grfext)             \AppendGraphicsExtensions on input line 456.
(/usr/share/texlive/texmf-dist/tex/latex/latexconfig/epstopdf-sys.cfg
File: epstopdf-sys.cfg 2010/07/13 v1.3 Configuration of (r)epstopdf for TeX Liv
e
))
LaTeX Info: Redefining \. on input line 151.
LaTeX Info: Redefining \% on input line 151.
*geometry* driver: auto-detecting
*geometry* detected driver: pdftex
*geometry* verbose mode - [ preamble ] result:
* driver: pdftex
* paper: <default>
* layout: <same size as paper>
* layoutoffset:(h,v)=(0.0pt,0.0pt)
* modes: 
* h-part:(L,W,R)=(56.9055pt, 500.484pt, 56.9055pt)
* v-part:(T,H,B)=(56.9055pt, 681.15898pt, 56.9055pt)
* \paperwidth=614.295pt
* \paperheight=794.96999pt
* \textwidth=349.0pt
* \textheight=695.7945pt
* \oddsidemargin=-15.36449pt
* \evensidemargin=-15.36449pt
* \topmargin=0.0pt
* \headheight=0.0pt
* \headsep=0.0pt
* \topskip=0.00003pt
* \footskip=0.0pt
* \marginparwidth=65.0pt
* \marginparsep=11.0pt
* \columnsep=10.0pt
* \skip\footins=9.0pt plus 4.0pt minus 2.0pt
* \hoffset=0.0pt
* \voffset=0.0pt
* \mag=1000
* \@twocolumnfalse
* \@twosidefalse
* \@mparswitchfalse
* \@reversemarginfalse
* (1in=72.27pt=25.4mm, 1cm=28.453pt)

\AtBeginShipoutBox=\box60
Package hyperref Info: Link coloring OFF on input line 151.
(/usr/share/texlive/texmf-dist/tex/latex/hyperref/nameref.sty
Package: nameref 2016/05/21 v2.44 Cross-referencing by name of section
(/usr/share/texlive/texmf-dist/tex/generic/oberdiek/gettitlestring.sty
Package: gettitlestring 2016/05/16 v1.5 Cleanup title references (HO)
)
\c@section@level=\count160
)
LaTeX Info: Redefining \ref on input line 151.
LaTeX Info: Redefining \pageref on input line 151.
LaTeX Info: Redefining \nameref on input line 151.
(./images.out) (./images.out)
\@outlinefile=\write4
\openout4 = `images.out'.

Preview: Fontsize 10pt
Preview: PDFoutput 1

latex2htmlLength hsize=349.0pt

latex2htmlLength vsize=695.7945pt

latex2htmlLength hoffset=0.0pt

latex2htmlLength voffset=0.0pt

latex2htmlLength topmargin=0.0pt

latex2htmlLength topskip=0.00003pt

latex2htmlLength headheight=0.0pt

latex2htmlLength headsep=0.0pt

latex2htmlLength parskip=0.0pt plus 1.0pt

latex2htmlLength oddsidemargin=-15.36449pt

latex2htmlLength evensidemargin=-15.36449pt

LaTeX Font Info:    Try loading font information for U+msa on input line 179.
(/usr/share/texlive/texmf-dist/tex/latex/amsfonts/umsa.fd
File: umsa.fd 2013/01/14 v3.01 AMS symbols A
)
LaTeX Font Info:    Try loading font information for U+msb on input line 179.
(/usr/share/texlive/texmf-dist/tex/latex/amsfonts/umsb.fd
File: umsb.fd 2013/01/14 v3.01 AMS symbols B
)

:tex2html_wrap_inline1597:lthtmlCropMarkHeight:=12.94444pt

:tex2html_wrap_inline1597:lthtmlCropMarkDepth:=1.94444pt:1ex:=4.30554pt
Preview: Tightpage -32891 -32891 32891 32891
[1{/var/lib/texmf/fonts/map/pdftex/updmap/pdftex.map}]

:tex2html_wrap_inline1599:lthtmlCropMarkHeight:=12.83331pt

:tex2html_wrap_inline1599:lthtmlCropMarkDepth:=0.39098pt:1ex:=4.30554pt
[2]

:tex2html_wrap_inline1601:lthtmlCropMarkHeight:=13.5pt

:tex2html_wrap_inline1601:lthtmlCropMarkDepth:=2.5pt:1ex:=4.30554pt
[3]

:tex2html_wrap_inline1603:lthtmlCropMarkHeight:=13.5pt

:tex2html_wrap_inline1603:lthtmlCropMarkDepth:=2.5pt:1ex:=4.30554pt
[4]

:tex2html_wrap_inline1616:lthtmlCropMarkHeight:=12.83331pt

:tex2html_wrap_inline1616:lthtmlCropMarkDepth:=0.39098pt:1ex:=4.30554pt
[5]

:tex2html_wrap_inline1618:lthtmlCropMarkHeight:=12.83331pt

:tex2html_wrap_inline1618:lthtmlCropMarkDepth:=0.0pt:1ex:=4.30554pt
[6]

:tex2html_wrap_inline1620:lthtmlCropMarkHeight:=14.14003pt

:tex2html_wrap_inline1620:lthtmlCropMarkDepth:=2.5pt:1ex:=4.30554pt
[7]

:tex2html_wrap_inline1633:lthtmlCropMarkHeight:=12.83331pt

:tex2html_wrap_inline1633:lthtmlCropMarkDepth:=1.94444pt:1ex:=4.30554pt
[8]

:tex2html_wrap_inline1635:lthtmlCropMarkHeight:=13.5pt

:tex2html_wrap_inline1635:lthtmlCropMarkDepth:=2.5pt:1ex:=4.30554pt
[9]

:tex2html_wrap_inline1637:lthtmlCropMarkHeight:=13.5pt

:tex2html_wrap_inline1637:lthtmlCropMarkDepth:=2.5pt:1ex:=4.30554pt
[10]

:tex2html_wrap_inline1639:lthtmlCropMarkHeight:=12.83331pt

:tex2html_wrap_inline1639:lthtmlCropMarkDepth:=0.39098pt:1ex:=4.30554pt
[11]

:tex2html_wrap_inline1641:lthtmlCropMarkHeight:=13.5pt

:tex2html_wrap_inline1641:lthtmlCropMarkDepth:=2.5pt:1ex:=4.30554pt
[12]

:tex2html_wrap_inline1643:lthtmlCropMarkHeight:=13.5pt

:tex2html_wrap_inline1643:lthtmlCropMarkDepth:=2.5pt:1ex:=4.30554pt
[13]

:tex2html_wrap_inline1645:lthtmlCropMarkHeight:=9.66875pt

:tex2html_wrap_inline1645:lthtmlCropMarkDepth:=0.0pt:1ex:=4.30554pt
[14]

:tex2html_wrap_inline1647:lthtmlCropMarkHeight:=13.5pt

:tex2html_wrap_inline1647:lthtmlCropMarkDepth:=2.5pt:1ex:=4.30554pt
[15]

:tex2html_wrap_inline1649:lthtmlCropMarkHeight:=13.5pt

:tex2html_wrap_inline1649:lthtmlCropMarkDepth:=2.5pt:1ex:=4.30554pt
[16]

:tex2html_wrap_inline1651:lthtmlCropMarkHeight:=13.5pt

:tex2html_wrap_inline1651:lthtmlCropMarkDepth:=2.5pt:1ex:=4.30554pt
[17]

:tex2html_wrap_inline1653:lthtmlCropMarkHeight:=13.5pt

:tex2html_wrap_inline1653:lthtmlCropMarkDepth:=2.5pt:1ex:=4.30554pt
[18]

:tex2html_wrap_inline1655:lthtmlCropMarkHeight:=9.66875pt

:tex2html_wrap_inline1655:lthtmlCropMarkDepth:=0.0pt:1ex:=4.30554pt
[19]

:tex2html_wrap_inline1657:lthtmlCropMarkHeight:=12.83331pt

:tex2html_wrap_inline1657:lthtmlCropMarkDepth:=0.39098pt:1ex:=4.30554pt
[20]

:tex2html_wrap_inline1659:lthtmlCropMarkHeight:=13.5pt

:tex2html_wrap_inline1659:lthtmlCropMarkDepth:=2.5pt:1ex:=4.30554pt
[21]

:tex2html_wrap_inline1661:lthtmlCropMarkHeight:=13.5pt

:tex2html_wrap_inline1661:lthtmlCropMarkDepth:=2.5pt:1ex:=4.30554pt
[22]

:tex2html_wrap_inline1663:lthtmlCropMarkHeight:=13.5pt

:tex2html_wrap_inline1663:lthtmlCropMarkDepth:=2.5pt:1ex:=4.30554pt
[23]

:tex2html_wrap_inline1665:lthtmlCropMarkHeight:=12.83331pt

:tex2html_wrap_inline1665:lthtmlCropMarkDepth:=0.39098pt:1ex:=4.30554pt
[24]

:tex2html_wrap_inline1667:lthtmlCropMarkHeight:=12.83331pt

:tex2html_wrap_inline1667:lthtmlCropMarkDepth:=0.39098pt:1ex:=4.30554pt
[25]

:tex2html_wrap_inline1669:lthtmlCropMarkHeight:=13.5pt

:tex2html_wrap_inline1669:lthtmlCropMarkDepth:=2.5pt:1ex:=4.30554pt
[26]

:tex2html_wrap_inline1683:lthtmlCropMarkHeight:=14.14003pt

:tex2html_wrap_inline1683:lthtmlCropMarkDepth:=2.5pt:1ex:=4.30554pt
[27]

:tex2html_wrap_inline1685:lthtmlCropMarkHeight:=14.14003pt

:tex2html_wrap_inline1685:lthtmlCropMarkDepth:=2.5pt:1ex:=4.30554pt
[28]

:tex2html_wrap_inline1687:lthtmlCropMarkHeight:=14.14003pt

:tex2html_wrap_inline1687:lthtmlCropMarkDepth:=2.5pt:1ex:=4.30554pt
[29]

:tex2html_wrap_inline1689:lthtmlCropMarkHeight:=14.14003pt

:tex2html_wrap_inline1689:lthtmlCropMarkDepth:=2.5pt:1ex:=4.30554pt
[30]

:tex2html_wrap_inline1693:lthtmlCropMarkHeight:=14.14003pt

:tex2html_wrap_inline1693:lthtmlCropMarkDepth:=2.5pt:1ex:=4.30554pt
[31]

:tex2html_wrap_inline1697:lthtmlCropMarkHeight:=14.14003pt

:tex2html_wrap_inline1697:lthtmlCropMarkDepth:=2.5pt:1ex:=4.30554pt
[32]

:tex2html_wrap_inline1699:lthtmlCropMarkHeight:=14.14003pt

:tex2html_wrap_inline1699:lthtmlCropMarkDepth:=2.5pt:1ex:=4.30554pt
[33]

:tex2html_wrap_inline1701:lthtmlCropMarkHeight:=14.14003pt

:tex2html_wrap_inline1701:lthtmlCropMarkDepth:=2.5pt:1ex:=4.30554pt
[34]

:tex2html_wrap_inline1703:lthtmlCropMarkHeight:=14.14003pt

:tex2html_wrap_inline1703:lthtmlCropMarkDepth:=2.5pt:1ex:=4.30554pt
[35]

:tex2html_wrap_inline1707:lthtmlCropMarkHeight:=14.14003pt

:tex2html_wrap_inline1707:lthtmlCropMarkDepth:=2.5pt:1ex:=4.30554pt
[36]

:tex2html_wrap_inline1709:lthtmlCropMarkHeight:=14.14003pt

:tex2html_wrap_inline1709:lthtmlCropMarkDepth:=2.5pt:1ex:=4.30554pt
[37]

:tex2html_wrap_inline1711:lthtmlCropMarkHeight:=14.14003pt

:tex2html_wrap_inline1711:lthtmlCropMarkDepth:=2.5pt:1ex:=4.30554pt
[38]

:tex2html_wrap_inline1715:lthtmlCropMarkHeight:=14.14003pt

:tex2html_wrap_inline1715:lthtmlCropMarkDepth:=2.5pt:1ex:=4.30554pt
[39]

:tex2html_wrap_inline1717:lthtmlCropMarkHeight:=14.14003pt

:tex2html_wrap_inline1717:lthtmlCropMarkDepth:=2.5pt:1ex:=4.30554pt
[40]

:tex2html_wrap_inline1719:lthtmlCropMarkHeight:=14.14003pt

:tex2html_wrap_inline1719:lthtmlCropMarkDepth:=2.5pt:1ex:=4.30554pt
[41]

:tex2html_wrap_inline1728:lthtmlCropMarkHeight:=12.83331pt

:tex2html_wrap_inline1728:lthtmlCropMarkDepth:=1.49998pt:1ex:=4.30554pt
[42]

:tex2html_wrap_inline1730:lthtmlCropMarkHeight:=12.83331pt

:tex2html_wrap_inline1730:lthtmlCropMarkDepth:=1.49998pt:1ex:=4.30554pt
[43]

:tex2html_wrap_inline1732:lthtmlCropMarkHeight:=26.50018pt

:tex2html_wrap_inline1732:lthtmlCropMarkDepth:=15.50018pt:1ex:=4.30554pt
[44]

:tex2html_wrap_inline1734:lthtmlCropMarkHeight:=26.50018pt

:tex2html_wrap_inline1734:lthtmlCropMarkDepth:=15.50018pt:1ex:=4.30554pt
[45]

:tex2html_wrap_inline1738:lthtmlCropMarkHeight:=13.5pt

:tex2html_wrap_inline1738:lthtmlCropMarkDepth:=2.5pt:1ex:=4.30554pt
[46]

:tex2html_wrap_inline1740:lthtmlCropMarkHeight:=13.5pt

:tex2html_wrap_inline1740:lthtmlCropMarkDepth:=2.5pt:1ex:=4.30554pt
[47]

:tex2html_wrap_inline1744:lthtmlCropMarkHeight:=13.5pt

:tex2html_wrap_inline1744:lthtmlCropMarkDepth:=2.5pt:1ex:=4.30554pt
[48]

:tex2html_wrap_inline1748:lthtmlCropMarkHeight:=12.30544pt

:tex2html_wrap_inline1748:lthtmlCropMarkDepth:=0.83333pt:1ex:=4.30554pt
[49]

:tex2html_wrap_inline1752:lthtmlCropMarkHeight:=26.50018pt

:tex2html_wrap_inline1752:lthtmlCropMarkDepth:=15.50018pt:1ex:=4.30554pt
[50]

:tex2html_wrap_inline1754:lthtmlCropMarkHeight:=13.5pt

:tex2html_wrap_inline1754:lthtmlCropMarkDepth:=2.5pt:1ex:=4.30554pt
[51]

:tex2html_wrap_inline1756:lthtmlCropMarkHeight:=13.5pt

:tex2html_wrap_inline1756:lthtmlCropMarkDepth:=2.5pt:1ex:=4.30554pt
[52]

:tex2html_wrap_inline1760:lthtmlCropMarkHeight:=13.5pt

:tex2html_wrap_inline1760:lthtmlCropMarkDepth:=2.5pt:1ex:=4.30554pt
[53]

:tex2html_wrap_inline1762:lthtmlCropMarkHeight:=26.50018pt

:tex2html_wrap_inline1762:lthtmlCropMarkDepth:=15.50018pt:1ex:=4.30554pt
[54]

:tex2html_wrap_inline1764:lthtmlCropMarkHeight:=13.5pt

:tex2html_wrap_inline1764:lthtmlCropMarkDepth:=2.5pt:1ex:=4.30554pt
[55]

:tex2html_wrap_inline1768:lthtmlCropMarkHeight:=13.5pt

:tex2html_wrap_inline1768:lthtmlCropMarkDepth:=2.5pt:1ex:=4.30554pt
[56]

:tex2html_wrap_inline1772:lthtmlCropMarkHeight:=13.5pt

:tex2html_wrap_inline1772:lthtmlCropMarkDepth:=2.5pt:1ex:=4.30554pt
[57]

:tex2html_wrap_inline1776:lthtmlCropMarkHeight:=26.50018pt

:tex2html_wrap_inline1776:lthtmlCropMarkDepth:=15.50018pt:1ex:=4.30554pt
[58]

:tex2html_wrap_indisplay1783:lthtmlCropMarkHeight:=20.9051pt

:tex2html_wrap_indisplay1783:lthtmlCropMarkDepth:=9.66666pt:1ex:=4.30554pt
[59]

:tex2html_wrap_inline1785:lthtmlCropMarkHeight:=10.30554pt

:tex2html_wrap_inline1785:lthtmlCropMarkDepth:=1.94444pt:1ex:=4.30554pt
[60]

:tex2html_wrap_inline1789:lthtmlCropMarkHeight:=16.95055pt

:tex2html_wrap_inline1789:lthtmlCropMarkDepth:=4.28175pt:1ex:=4.30554pt
[61]

:tex2html_wrap_inline1791:lthtmlCropMarkHeight:=14.14003pt

:tex2html_wrap_inline1791:lthtmlCropMarkDepth:=1.94444pt:1ex:=4.30554pt
[62]

:tex2html_wrap_inline1795:lthtmlCropMarkHeight:=19.49994pt

:tex2html_wrap_inline1795:lthtmlCropMarkDepth:=4.80951pt:1ex:=4.30554pt
[63]

:tex2html_wrap_inline1797:lthtmlCropMarkHeight:=14.14003pt

:tex2html_wrap_inline1797:lthtmlCropMarkDepth:=0.0pt:1ex:=4.30554pt
[64]

:tex2html_wrap_inline1799:lthtmlCropMarkHeight:=12.15079pt

:tex2html_wrap_inline1799:lthtmlCropMarkDepth:=1.94444pt:1ex:=4.30554pt
[65]

:tex2html_wrap_inline1803:lthtmlCropMarkHeight:=16.95586pt

:tex2html_wrap_inline1803:lthtmlCropMarkDepth:=4.28175pt:1ex:=4.30554pt
[66]

:tex2html_wrap_inline1807:lthtmlCropMarkHeight:=12.44444pt

:tex2html_wrap_inline1807:lthtmlCropMarkDepth:=0.0pt:1ex:=4.30554pt
[67]

:tex2html_wrap_inline1809:lthtmlCropMarkHeight:=12.44444pt

:tex2html_wrap_inline1809:lthtmlCropMarkDepth:=0.0pt:1ex:=4.30554pt
[68]

:tex2html_wrap_inline1812:lthtmlCropMarkHeight:=15.57779pt

:tex2html_wrap_inline1812:lthtmlCropMarkDepth:=2.8223pt:1ex:=4.30554pt
[69]

:tex2html_wrap_inline1814:lthtmlCropMarkHeight:=14.14003pt

:tex2html_wrap_inline1814:lthtmlCropMarkDepth:=0.0pt:1ex:=4.30554pt
[70]

:tex2html_wrap_inline1816:lthtmlCropMarkHeight:=15.35pt

:tex2html_wrap_inline1816:lthtmlCropMarkDepth:=3.05008pt:1ex:=4.30554pt
[71]

:tex2html_wrap_inline1818:lthtmlCropMarkHeight:=12.83331pt

:tex2html_wrap_inline1818:lthtmlCropMarkDepth:=0.83333pt:1ex:=4.30554pt
[72]

:tex2html_wrap_inline1820:lthtmlCropMarkHeight:=12.83331pt

:tex2html_wrap_inline1820:lthtmlCropMarkDepth:=0.0pt:1ex:=4.30554pt
[73]

:tex2html_wrap_inline1822:lthtmlCropMarkHeight:=12.83331pt

:tex2html_wrap_inline1822:lthtmlCropMarkDepth:=0.0pt:1ex:=4.30554pt
[74]

:tex2html_wrap_inline1826:lthtmlCropMarkHeight:=12.44444pt

:tex2html_wrap_inline1826:lthtmlCropMarkDepth:=0.0pt:1ex:=4.30554pt
[75]

:tex2html_wrap_inline1828:lthtmlCropMarkHeight:=13.5pt

:tex2html_wrap_inline1828:lthtmlCropMarkDepth:=2.5pt:1ex:=4.30554pt
[76]

:tex2html_wrap_inline1832:lthtmlCropMarkHeight:=15.57779pt

:tex2html_wrap_inline1832:lthtmlCropMarkDepth:=2.8223pt:1ex:=4.30554pt
[77]

:tex2html_wrap_inline1834:lthtmlCropMarkHeight:=14.14003pt

:tex2html_wrap_inline1834:lthtmlCropMarkDepth:=2.5pt:1ex:=4.30554pt
[78]

:tex2html_wrap_inline1836:lthtmlCropMarkHeight:=14.14003pt

:tex2html_wrap_inline1836:lthtmlCropMarkDepth:=2.5pt:1ex:=4.30554pt
[79]

:tex2html_wrap_inline1838:lthtmlCropMarkHeight:=12.44444pt

:tex2html_wrap_inline1838:lthtmlCropMarkDepth:=1.94444pt:1ex:=4.30554pt
[80]

:tex2html_wrap_inline1840:lthtmlCropMarkHeight:=13.5pt

:tex2html_wrap_inline1840:lthtmlCropMarkDepth:=2.5pt:1ex:=4.30554pt
[81]

:tex2html_wrap_inline1844:lthtmlCropMarkHeight:=14.14003pt

:tex2html_wrap_inline1844:lthtmlCropMarkDepth:=2.5pt:1ex:=4.30554pt
[82]

:tex2html_wrap_inline1846:lthtmlCropMarkHeight:=12.44444pt

:tex2html_wrap_inline1846:lthtmlCropMarkDepth:=0.0pt:1ex:=4.30554pt
[83]

:tex2html_wrap_inline1850:lthtmlCropMarkHeight:=15.35pt

:tex2html_wrap_inline1850:lthtmlCropMarkDepth:=3.05008pt:1ex:=4.30554pt
[84]

:tex2html_wrap_inline1852:lthtmlCropMarkHeight:=15.57779pt

:tex2html_wrap_inline1852:lthtmlCropMarkDepth:=2.8223pt:1ex:=4.30554pt
[85]

:tex2html_wrap_inline1857:lthtmlCropMarkHeight:=13.5pt

:tex2html_wrap_inline1857:lthtmlCropMarkDepth:=2.5pt:1ex:=4.30554pt
[86]

:tex2html_wrap_inline1861:lthtmlCropMarkHeight:=13.5pt

:tex2html_wrap_inline1861:lthtmlCropMarkDepth:=2.5pt:1ex:=4.30554pt
[87]

:tex2html_wrap_inline1863:lthtmlCropMarkHeight:=13.5pt

:tex2html_wrap_inline1863:lthtmlCropMarkDepth:=2.5pt:1ex:=4.30554pt
[88]

:tex2html_wrap_inline1865:lthtmlCropMarkHeight:=12.83331pt

:tex2html_wrap_inline1865:lthtmlCropMarkDepth:=2.02971pt:1ex:=4.30554pt
[89]

:tex2html_wrap_inline1871:lthtmlCropMarkHeight:=12.83331pt

:tex2html_wrap_inline1871:lthtmlCropMarkDepth:=1.49998pt:1ex:=4.30554pt
[90]

:tex2html_wrap_inline1873:lthtmlCropMarkHeight:=12.83331pt

:tex2html_wrap_inline1873:lthtmlCropMarkDepth:=1.49998pt:1ex:=4.30554pt
[91]

:tex2html_wrap_inline1877:lthtmlCropMarkHeight:=12.83331pt

:tex2html_wrap_inline1877:lthtmlCropMarkDepth:=1.49998pt:1ex:=4.30554pt
[92]

:tex2html_wrap_inline1881:lthtmlCropMarkHeight:=13.5pt

:tex2html_wrap_inline1881:lthtmlCropMarkDepth:=2.5pt:1ex:=4.30554pt
[93]

:tex2html_wrap_inline1885:lthtmlCropMarkHeight:=13.5pt

:tex2html_wrap_inline1885:lthtmlCropMarkDepth:=2.5pt:1ex:=4.30554pt
[94]

:tex2html_wrap_inline1887:lthtmlCropMarkHeight:=12.83331pt

:tex2html_wrap_inline1887:lthtmlCropMarkDepth:=1.49998pt:1ex:=4.30554pt
[95]

:tex2html_wrap_inline1897:lthtmlCropMarkHeight:=11.55557pt

:tex2html_wrap_inline1897:lthtmlCropMarkDepth:=2.02971pt:1ex:=4.30554pt
[96]

:tex2html_wrap_inline1901:lthtmlCropMarkHeight:=13.5pt

:tex2html_wrap_inline1901:lthtmlCropMarkDepth:=2.5pt:1ex:=4.30554pt
[97]

:tex2html_wrap_inline1904:lthtmlCropMarkHeight:=13.5pt

:tex2html_wrap_inline1904:lthtmlCropMarkDepth:=2.5pt:1ex:=4.30554pt
[98]

:tex2html_wrap_inline1906:lthtmlCropMarkHeight:=13.5pt

:tex2html_wrap_inline1906:lthtmlCropMarkDepth:=2.5pt:1ex:=4.30554pt
[99]

:tex2html_wrap_inline1910:lthtmlCropMarkHeight:=13.5pt

:tex2html_wrap_inline1910:lthtmlCropMarkDepth:=2.5pt:1ex:=4.30554pt
[100]

:tex2html_wrap_inline1914:lthtmlCropMarkHeight:=13.5pt

:tex2html_wrap_inline1914:lthtmlCropMarkDepth:=1.49998pt:1ex:=4.30554pt
[101]

:tex2html_wrap_inline1918:lthtmlCropMarkHeight:=12.83331pt

:tex2html_wrap_inline1918:lthtmlCropMarkDepth:=2.47217pt:1ex:=4.30554pt
[102]

:tex2html_wrap_inline1922:lthtmlCropMarkHeight:=12.83331pt

:tex2html_wrap_inline1922:lthtmlCropMarkDepth:=2.47217pt:1ex:=4.30554pt
[103]

:tex2html_wrap_inline1926:lthtmlCropMarkHeight:=12.83331pt

:tex2html_wrap_inline1926:lthtmlCropMarkDepth:=2.47217pt:1ex:=4.30554pt
[104]

:tex2html_wrap_inline1930:lthtmlCropMarkHeight:=12.94444pt

:tex2html_wrap_inline1930:lthtmlCropMarkDepth:=2.47217pt:1ex:=4.30554pt
[105]

:tex2html_wrap_inline1934:lthtmlCropMarkHeight:=13.5pt

:tex2html_wrap_inline1934:lthtmlCropMarkDepth:=1.49998pt:1ex:=4.30554pt
[106]

:tex2html_wrap_inline1938:lthtmlCropMarkHeight:=13.5pt

:tex2html_wrap_inline1938:lthtmlCropMarkDepth:=2.02971pt:1ex:=4.30554pt
[107]

:tex2html_wrap_inline1945:lthtmlCropMarkHeight:=13.5pt

:tex2html_wrap_inline1945:lthtmlCropMarkDepth:=4.8746pt:1ex:=4.30554pt
[108]
<5.PNG, id=357, 405.01312pt x 166.37157pt>
File: 5.PNG Graphic file (type png)
<use 5.PNG>
Package pdftex.def Info: 5.PNG  used on input line 860.
(pdftex.def)             Requested size: 139.59787pt x 57.34492pt.

:tex2html_wrap1946:lthtmlCropMarkHeight:=63.34492pt

:tex2html_wrap1946:lthtmlCropMarkDepth:=0.0pt:1ex:=4.30554pt
[109 <./5.PNG>]

:tex2html_wrap_inline1948:lthtmlCropMarkHeight:=14.44843pt

:tex2html_wrap_inline1948:lthtmlCropMarkDepth:=3.44841pt:1ex:=4.30554pt
[110]

:tex2html_wrap_inline1950:lthtmlCropMarkHeight:=14.44843pt

:tex2html_wrap_inline1950:lthtmlCropMarkDepth:=3.44841pt:1ex:=4.30554pt
[111]

:tex2html_wrap_inline1954:lthtmlCropMarkHeight:=12.94444pt

:tex2html_wrap_inline1954:lthtmlCropMarkDepth:=0.39098pt:1ex:=4.30554pt
[112]

:tex2html_wrap_inline1956:lthtmlCropMarkHeight:=14.44843pt

:tex2html_wrap_inline1956:lthtmlCropMarkDepth:=3.44841pt:1ex:=4.30554pt
[113]

:tex2html_wrap_inline1958:lthtmlCropMarkHeight:=14.44843pt

:tex2html_wrap_inline1958:lthtmlCropMarkDepth:=3.44841pt:1ex:=4.30554pt
[114]

:tex2html_wrap_inline1960:lthtmlCropMarkHeight:=12.88889pt

:tex2html_wrap_inline1960:lthtmlCropMarkDepth:=0.0pt:1ex:=4.30554pt
[115]

:tex2html_wrap_inline1963:lthtmlCropMarkHeight:=13.5pt

:tex2html_wrap_inline1963:lthtmlCropMarkDepth:=4.28175pt:1ex:=4.30554pt
[116]

:tex2html_wrap_inline1965:lthtmlCropMarkHeight:=13.5pt

:tex2html_wrap_inline1965:lthtmlCropMarkDepth:=2.5pt:1ex:=4.30554pt
[117]

:tex2html_wrap_inline1967:lthtmlCropMarkHeight:=12.88586pt

:tex2html_wrap_inline1967:lthtmlCropMarkDepth:=0.0pt:1ex:=4.30554pt
[118]
<9.PNG, id=393, 385.44pt x 140.77594pt>
File: 9.PNG Graphic file (type png)
<use 9.PNG>
Package pdftex.def Info: 9.PNG  used on input line 920.
(pdftex.def)             Requested size: 139.59787pt x 50.98431pt.

:tex2html_wrap1968:lthtmlCropMarkHeight:=56.98431pt

:tex2html_wrap1968:lthtmlCropMarkDepth:=0.0pt:1ex:=4.30554pt
[119 <./9.PNG>]

:tex2html_wrap_inline1970:lthtmlCropMarkHeight:=14.44843pt

:tex2html_wrap_inline1970:lthtmlCropMarkDepth:=3.44841pt:1ex:=4.30554pt
[120]

:tex2html_wrap_inline1972:lthtmlCropMarkHeight:=12.94444pt

:tex2html_wrap_inline1972:lthtmlCropMarkDepth:=0.0pt:1ex:=4.30554pt
[121]

:tex2html_wrap_inline1974:lthtmlCropMarkHeight:=13.5pt

:tex2html_wrap_inline1974:lthtmlCropMarkDepth:=2.5pt:1ex:=4.30554pt
[122]

:tex2html_wrap_inline1982:lthtmlCropMarkHeight:=12.9512pt

:tex2html_wrap_inline1982:lthtmlCropMarkDepth:=4.28175pt:1ex:=4.30554pt
[123]

:tex2html_wrap_inline1986:lthtmlCropMarkHeight:=13.5pt

:tex2html_wrap_inline1986:lthtmlCropMarkDepth:=2.5pt:1ex:=4.30554pt
[124]

:tex2html_wrap_inline1990:lthtmlCropMarkHeight:=12.94444pt

:tex2html_wrap_inline1990:lthtmlCropMarkDepth:=1.35971pt:1ex:=4.30554pt
[125]

:tex2html_wrap_inline1994:lthtmlCropMarkHeight:=14.44843pt

:tex2html_wrap_inline1994:lthtmlCropMarkDepth:=3.44841pt:1ex:=4.30554pt
[126]

:tex2html_wrap_inline1997:lthtmlCropMarkHeight:=12.94444pt

:tex2html_wrap_inline1997:lthtmlCropMarkDepth:=1.94444pt:1ex:=4.30554pt
[127]

:tex2html_wrap_inline1999:lthtmlCropMarkHeight:=12.88889pt

:tex2html_wrap_inline1999:lthtmlCropMarkDepth:=1.94444pt:1ex:=4.30554pt
[128]

:tex2html_wrap_inline2001:lthtmlCropMarkHeight:=12.83331pt

:tex2html_wrap_inline2001:lthtmlCropMarkDepth:=0.0pt:1ex:=4.30554pt
[129]

:tex2html_wrap_inline2003:lthtmlCropMarkHeight:=12.88889pt

:tex2html_wrap_inline2003:lthtmlCropMarkDepth:=0.0pt:1ex:=4.30554pt
[130]

:tex2html_wrap_inline2005:lthtmlCropMarkHeight:=12.83331pt

:tex2html_wrap_inline2005:lthtmlCropMarkDepth:=0.0pt:1ex:=4.30554pt
[131]

:tex2html_wrap_inline2007:lthtmlCropMarkHeight:=12.88889pt

:tex2html_wrap_inline2007:lthtmlCropMarkDepth:=0.0pt:1ex:=4.30554pt
[132]

:tex2html_wrap_inline2009:lthtmlCropMarkHeight:=12.94444pt

:tex2html_wrap_inline2009:lthtmlCropMarkDepth:=1.94444pt:1ex:=4.30554pt
[133]

:tex2html_wrap_inline2011:lthtmlCropMarkHeight:=12.83331pt

:tex2html_wrap_inline2011:lthtmlCropMarkDepth:=1.49998pt:1ex:=4.30554pt
[134]

:tex2html_wrap_inline2013:lthtmlCropMarkHeight:=12.94444pt

:tex2html_wrap_inline2013:lthtmlCropMarkDepth:=1.94444pt:1ex:=4.30554pt
[135]

:tex2html_wrap_inline2015:lthtmlCropMarkHeight:=10.30554pt

:tex2html_wrap_inline2015:lthtmlCropMarkDepth:=1.49998pt:1ex:=4.30554pt
[136]

:tex2html_wrap_inline2017:lthtmlCropMarkHeight:=12.44444pt

:tex2html_wrap_inline2017:lthtmlCropMarkDepth:=0.39098pt:1ex:=4.30554pt
[137]

:tex2html_wrap_inline2019:lthtmlCropMarkHeight:=10.30554pt

:tex2html_wrap_inline2019:lthtmlCropMarkDepth:=1.94444pt:1ex:=4.30554pt
[138]

:tex2html_wrap_inline2021:lthtmlCropMarkHeight:=13.5pt

:tex2html_wrap_inline2021:lthtmlCropMarkDepth:=2.5pt:1ex:=4.30554pt
[139]

:tex2html_wrap_inline2023:lthtmlCropMarkHeight:=12.44444pt

:tex2html_wrap_inline2023:lthtmlCropMarkDepth:=0.39098pt:1ex:=4.30554pt
[140]

:tex2html_wrap_inline2025:lthtmlCropMarkHeight:=13.5pt

:tex2html_wrap_inline2025:lthtmlCropMarkDepth:=2.5pt:1ex:=4.30554pt
[141]

:tex2html_wrap_inline2029:lthtmlCropMarkHeight:=13.5pt

:tex2html_wrap_inline2029:lthtmlCropMarkDepth:=2.5pt:1ex:=4.30554pt
[142]

:tex2html_wrap_inline2035:lthtmlCropMarkHeight:=12.94444pt

:tex2html_wrap_inline2035:lthtmlCropMarkDepth:=0.39098pt:1ex:=4.30554pt
[143]

:tex2html_wrap_inline2037:lthtmlCropMarkHeight:=13.5pt

:tex2html_wrap_inline2037:lthtmlCropMarkDepth:=2.5pt:1ex:=4.30554pt
[144]

:tex2html_wrap_inline2041:lthtmlCropMarkHeight:=13.5pt

:tex2html_wrap_inline2041:lthtmlCropMarkDepth:=2.5pt:1ex:=4.30554pt
[145]

:tex2html_wrap_inline2051:lthtmlCropMarkHeight:=13.5pt

:tex2html_wrap_inline2051:lthtmlCropMarkDepth:=2.5pt:1ex:=4.30554pt
[146]

:tex2html_wrap_inline2053:lthtmlCropMarkHeight:=12.94444pt

:tex2html_wrap_inline2053:lthtmlCropMarkDepth:=1.94444pt:1ex:=4.30554pt
[147]

:tex2html_wrap_inline2061:lthtmlCropMarkHeight:=13.5pt

:tex2html_wrap_inline2061:lthtmlCropMarkDepth:=2.5pt:1ex:=4.30554pt
[148]

:tex2html_wrap_inline2065:lthtmlCropMarkHeight:=26.50018pt

:tex2html_wrap_inline2065:lthtmlCropMarkDepth:=15.50018pt:1ex:=4.30554pt
[149]

:tex2html_wrap_inline2067:lthtmlCropMarkHeight:=14.7175pt

:tex2html_wrap_inline2067:lthtmlCropMarkDepth:=0.83333pt:1ex:=4.30554pt
[150]

:tex2html_wrap_inline2071:lthtmlCropMarkHeight:=14.14003pt

:tex2html_wrap_inline2071:lthtmlCropMarkDepth:=1.94444pt:1ex:=4.30554pt
[151]

:tex2html_wrap_inline2075:lthtmlCropMarkHeight:=12.44444pt

:tex2html_wrap_inline2075:lthtmlCropMarkDepth:=1.94444pt:1ex:=4.30554pt
[152]

:tex2html_wrap_inline2079:lthtmlCropMarkHeight:=12.44444pt

:tex2html_wrap_inline2079:lthtmlCropMarkDepth:=1.94444pt:1ex:=4.30554pt
[153]

:tex2html_wrap_inline2083:lthtmlCropMarkHeight:=13.5pt

:tex2html_wrap_inline2083:lthtmlCropMarkDepth:=2.5pt:1ex:=4.30554pt
[154]

:tex2html_wrap_inline2085:lthtmlCropMarkHeight:=13.5pt

:tex2html_wrap_inline2085:lthtmlCropMarkDepth:=2.5pt:1ex:=4.30554pt
[155]

:tex2html_wrap_inline2087:lthtmlCropMarkHeight:=14.14003pt

:tex2html_wrap_inline2087:lthtmlCropMarkDepth:=1.94444pt:1ex:=4.30554pt
[156]

:tex2html_wrap_inline2091:lthtmlCropMarkHeight:=13.5pt

:tex2html_wrap_inline2091:lthtmlCropMarkDepth:=2.5pt:1ex:=4.30554pt
[157]

:tex2html_wrap_inline2095:lthtmlCropMarkHeight:=12.30544pt

:tex2html_wrap_inline2095:lthtmlCropMarkDepth:=0.83333pt:1ex:=4.30554pt
[158]
<cap1.PNG, id=523, 466.74374pt x 279.29344pt>
File: cap1.PNG Graphic file (type png)
<use cap1.PNG>
Package pdftex.def Info: cap1.PNG  used on input line 1167.
(pdftex.def)             Requested size: 139.59787pt x 83.53297pt.

:tex2html_wrap2096:lthtmlCropMarkHeight:=89.53297pt

:tex2html_wrap2096:lthtmlCropMarkDepth:=0.0pt:1ex:=4.30554pt
[159 <./cap1.PNG>]

:tex2html_wrap_inline2098:lthtmlCropMarkHeight:=14.14003pt

:tex2html_wrap_inline2098:lthtmlCropMarkDepth:=1.94444pt:1ex:=4.30554pt
[160]

:tex2html_wrap_inline2102:lthtmlCropMarkHeight:=12.83331pt

:tex2html_wrap_inline2102:lthtmlCropMarkDepth:=1.49998pt:1ex:=4.30554pt
[161]

:tex2html_wrap_inline2104:lthtmlCropMarkHeight:=12.83331pt

:tex2html_wrap_inline2104:lthtmlCropMarkDepth:=1.49998pt:1ex:=4.30554pt
[162]

:tex2html_wrap_inline2106:lthtmlCropMarkHeight:=12.83331pt

:tex2html_wrap_inline2106:lthtmlCropMarkDepth:=1.49998pt:1ex:=4.30554pt
[163]

:tex2html_wrap_inline2110:lthtmlCropMarkHeight:=15.57779pt

:tex2html_wrap_inline2110:lthtmlCropMarkDepth:=2.8223pt:1ex:=4.30554pt
[164]

:tex2html_wrap_inline2114:lthtmlCropMarkHeight:=15.57779pt

:tex2html_wrap_inline2114:lthtmlCropMarkDepth:=2.8223pt:1ex:=4.30554pt
[165]

:tex2html_wrap_inline2116:lthtmlCropMarkHeight:=14.14003pt

:tex2html_wrap_inline2116:lthtmlCropMarkDepth:=0.0pt:1ex:=4.30554pt
[166]

:tex2html_wrap_inline2122:lthtmlCropMarkHeight:=14.14003pt

:tex2html_wrap_inline2122:lthtmlCropMarkDepth:=2.5pt:1ex:=4.30554pt
[167]

:tex2html_wrap_inline2130:lthtmlCropMarkHeight:=12.44444pt

:tex2html_wrap_inline2130:lthtmlCropMarkDepth:=1.94444pt:1ex:=4.30554pt
[168]

:tex2html_wrap_inline2132:lthtmlCropMarkHeight:=12.44444pt

:tex2html_wrap_inline2132:lthtmlCropMarkDepth:=1.94444pt:1ex:=4.30554pt
[169]

:tex2html_wrap_inline2136:lthtmlCropMarkHeight:=13.5pt

:tex2html_wrap_inline2136:lthtmlCropMarkDepth:=2.5pt:1ex:=4.30554pt
[170]

:tex2html_wrap_inline2140:lthtmlCropMarkHeight:=13.5pt

:tex2html_wrap_inline2140:lthtmlCropMarkDepth:=2.5pt:1ex:=4.30554pt
[171]

:tex2html_wrap_inline2142:lthtmlCropMarkHeight:=14.14003pt

:tex2html_wrap_inline2142:lthtmlCropMarkDepth:=2.5pt:1ex:=4.30554pt
[172]

:tex2html_wrap_inline2151:lthtmlCropMarkHeight:=15.57779pt

:tex2html_wrap_inline2151:lthtmlCropMarkDepth:=2.8223pt:1ex:=4.30554pt
[173]

:tex2html_wrap_inline2155:lthtmlCropMarkHeight:=15.57779pt

:tex2html_wrap_inline2155:lthtmlCropMarkDepth:=2.8223pt:1ex:=4.30554pt
[174]

:tex2html_wrap_inline2159:lthtmlCropMarkHeight:=14.14003pt

:tex2html_wrap_inline2159:lthtmlCropMarkDepth:=1.94444pt:1ex:=4.30554pt
[175]

:tex2html_wrap_inline2163:lthtmlCropMarkHeight:=15.57779pt

:tex2html_wrap_inline2163:lthtmlCropMarkDepth:=2.8223pt:1ex:=4.30554pt
[176]

:tex2html_wrap_inline2167:lthtmlCropMarkHeight:=14.14003pt

:tex2html_wrap_inline2167:lthtmlCropMarkDepth:=1.94444pt:1ex:=4.30554pt
[177]

:tex2html_wrap_inline2171:lthtmlCropMarkHeight:=12.44444pt

:tex2html_wrap_inline2171:lthtmlCropMarkDepth:=0.0pt:1ex:=4.30554pt
[178]

:tex2html_wrap_inline2173:lthtmlCropMarkHeight:=15.57779pt

:tex2html_wrap_inline2173:lthtmlCropMarkDepth:=2.8223pt:1ex:=4.30554pt
[179]

:tex2html_wrap_inline2177:lthtmlCropMarkHeight:=15.57779pt

:tex2html_wrap_inline2177:lthtmlCropMarkDepth:=2.8223pt:1ex:=4.30554pt
[180]

:tex2html_wrap_inline2181:lthtmlCropMarkHeight:=19.22778pt

:tex2html_wrap_inline2181:lthtmlCropMarkDepth:=5.17236pt:1ex:=4.30554pt
[181]

:tex2html_wrap_inline2183:lthtmlCropMarkHeight:=13.5pt

:tex2html_wrap_inline2183:lthtmlCropMarkDepth:=2.5pt:1ex:=4.30554pt
[182]

:tex2html_wrap_inline2185:lthtmlCropMarkHeight:=15.57779pt

:tex2html_wrap_inline2185:lthtmlCropMarkDepth:=2.8223pt:1ex:=4.30554pt
[183]

:tex2html_wrap_inline2189:lthtmlCropMarkHeight:=15.57779pt

:tex2html_wrap_inline2189:lthtmlCropMarkDepth:=2.8223pt:1ex:=4.30554pt
[184]

:tex2html_wrap_inline2193:lthtmlCropMarkHeight:=15.57779pt

:tex2html_wrap_inline2193:lthtmlCropMarkDepth:=2.8223pt:1ex:=4.30554pt
[185]

:tex2html_wrap_inline2197:lthtmlCropMarkHeight:=14.14003pt

:tex2html_wrap_inline2197:lthtmlCropMarkDepth:=1.94444pt:1ex:=4.30554pt
[186]
<Captura6.PNG, id=613, 493.845pt x 285.31593pt>
File: Captura6.PNG Graphic file (type png)
<use Captura6.PNG>
Package pdftex.def Info: Captura6.PNG  used on input line 1335.
(pdftex.def)             Requested size: 139.59787pt x 80.64978pt.

:tex2html_wrap2200:lthtmlCropMarkHeight:=86.64978pt

:tex2html_wrap2200:lthtmlCropMarkDepth:=0.0pt:1ex:=4.30554pt
[187 <./Captura6.PNG>]

:tex2html_wrap_inline2202:lthtmlCropMarkHeight:=26.50018pt

:tex2html_wrap_inline2202:lthtmlCropMarkDepth:=15.50018pt:1ex:=4.30554pt
[188]

:tex2html_wrap_inline2206:lthtmlCropMarkHeight:=12.44444pt

:tex2html_wrap_inline2206:lthtmlCropMarkDepth:=1.94444pt:1ex:=4.30554pt
[189]

:tex2html_wrap_inline2208:lthtmlCropMarkHeight:=13.5pt

:tex2html_wrap_inline2208:lthtmlCropMarkDepth:=2.5pt:1ex:=4.30554pt
[190]

:tex2html_wrap_inline2210:lthtmlCropMarkHeight:=12.83331pt

:tex2html_wrap_inline2210:lthtmlCropMarkDepth:=0.83333pt:1ex:=4.30554pt
[191]

:tex2html_wrap_inline2212:lthtmlCropMarkHeight:=13.5pt

:tex2html_wrap_inline2212:lthtmlCropMarkDepth:=2.5pt:1ex:=4.30554pt
[192]

:tex2html_wrap_inline2216:lthtmlCropMarkHeight:=14.94434pt

:tex2html_wrap_inline2216:lthtmlCropMarkDepth:=2.5pt:1ex:=4.30554pt
[193]

:tex2html_wrap_inline2220:lthtmlCropMarkHeight:=14.44843pt

:tex2html_wrap_inline2220:lthtmlCropMarkDepth:=4.80951pt:1ex:=4.30554pt
[194]

:tex2html_wrap_inline2224:lthtmlCropMarkHeight:=14.94434pt

:tex2html_wrap_inline2224:lthtmlCropMarkDepth:=1.94444pt:1ex:=4.30554pt
[195]

:tex2html_wrap_inline2228:lthtmlCropMarkHeight:=14.8332pt

:tex2html_wrap_inline2228:lthtmlCropMarkDepth:=1.94444pt:1ex:=4.30554pt
[196]
Package atveryend Info: Empty hook `BeforeClearDocument' on input line 1399.
Package atveryend Info: Empty hook `AfterLastShipout' on input line 1399.
(./images.aux)
Package atveryend Info: Executing hook `AtVeryEndDocument' on input line 1399.
Package atveryend Info: Executing hook `AtEndAfterFileList' on input line 1399.

Package rerunfilecheck Info: File `images.out' has not changed.
(rerunfilecheck)             Checksum: D41D8CD98F00B204E9800998ECF8427E;0.

LaTeX Warning: There were multiply-defined labels.

Package atveryend Info: Empty hook `AtVeryVeryEnd' on input line 1399.
 ) 
Here is how much of TeX's memory you used:
 8765 strings out of 492615
 122801 string characters out of 6131390
 242487 words of memory out of 5000000
 12544 multiletter control sequences out of 15000+600000
 8096 words of font info for 31 fonts, out of 8000000 for 9000
 1141 hyphenation exceptions out of 8191
 28i,9n,35p,223b,368s stack positions out of 5000i,500n,10000p,200000b,80000s
</usr/share/texlive/texmf-dist/fonts/type1/public/amsfonts/cm/cmex10.pfb></us
r/share/texlive/texmf-dist/fonts/type1/public/amsfonts/cm/cmmi10.pfb></usr/shar
e/texlive/texmf-dist/fonts/type1/public/amsfonts/cm/cmmi5.pfb></usr/share/texli
ve/texmf-dist/fonts/type1/public/amsfonts/cm/cmmi7.pfb></usr/share/texlive/texm
f-dist/fonts/type1/public/amsfonts/cm/cmr10.pfb></usr/share/texlive/texmf-dist/
fonts/type1/public/amsfonts/cm/cmr5.pfb></usr/share/texlive/texmf-dist/fonts/ty
pe1/public/amsfonts/cm/cmr7.pfb></usr/share/texlive/texmf-dist/fonts/type1/publ
ic/amsfonts/cm/cmsy10.pfb></usr/share/texlive/texmf-dist/fonts/type1/public/ams
fonts/cm/cmsy7.pfb></usr/share/texlive/texmf-dist/fonts/type1/public/amsfonts/s
ymbols/msbm10.pfb></usr/share/texlive/texmf-dist/fonts/type1/public/amsfonts/sy
mbols/msbm7.pfb>
Output written on images.pdf (196 pages, 391419 bytes).
PDF statistics:
 690 PDF objects out of 1000 (max. 8388607)
 468 compressed objects within 5 object streams
 0 named destinations out of 1000 (max. 500000)
 21 words of extra memory for PDF output out of 10000 (max. 10000000)

