This is pdfTeX, Version 3.14159265-2.6-1.40.19 (TeX Live 2019/dev/Debian) (preloaded format=pdflatex 2019.10.1)  14 AUG 2020 13:09
entering extended mode
 restricted \write18 enabled.
 %&-line parsing enabled.
**./images.tex
(./images.tex
LaTeX2e <2018-12-01>

(/usr/share/texlive/texmf-dist/tex/latex/base/article.cls
Document Class: article 2018/09/03 v1.4i Standard LaTeX document class
(/usr/share/texlive/texmf-dist/tex/latex/base/size10.clo
File: size10.clo 2018/09/03 v1.4i Standard LaTeX file (size option)
)
\c@part=\count80
\c@section=\count81
\c@subsection=\count82
\c@subsubsection=\count83
\c@paragraph=\count84
\c@subparagraph=\count85
\c@figure=\count86
\c@table=\count87
\abovecaptionskip=\skip41
\belowcaptionskip=\skip42
\bibindent=\dimen102
) (/usr/share/texlive/texmf-dist/tex/latex/base/ifthen.sty
Package: ifthen 2014/09/29 v1.1c Standard LaTeX ifthen package (DPC)
) (/usr/share/texlive/texmf-dist/tex/latex/amsmath/amsmath.sty
Package: amsmath 2018/12/01 v2.17b AMS math features
\@mathmargin=\skip43
For additional information on amsmath, use the `?' option.
(/usr/share/texlive/texmf-dist/tex/latex/amsmath/amstext.sty
Package: amstext 2000/06/29 v2.01 AMS text
(/usr/share/texlive/texmf-dist/tex/latex/amsmath/amsgen.sty
File: amsgen.sty 1999/11/30 v2.0 generic functions
\@emptytoks=\toks14
\ex@=\dimen103
)) (/usr/share/texlive/texmf-dist/tex/latex/amsmath/amsbsy.sty
Package: amsbsy 1999/11/29 v1.2d Bold Symbols
\pmbraise@=\dimen104
) (/usr/share/texlive/texmf-dist/tex/latex/amsmath/amsopn.sty
Package: amsopn 2016/03/08 v2.02 operator names
)
\inf@bad=\count88
LaTeX Info: Redefining \frac on input line 223.
\uproot@=\count89
\leftroot@=\count90
LaTeX Info: Redefining \overline on input line 385.
\classnum@=\count91
\DOTSCASE@=\count92
LaTeX Info: Redefining \ldots on input line 482.
LaTeX Info: Redefining \dots on input line 485.
LaTeX Info: Redefining \cdots on input line 606.
\Mathstrutbox@=\box27
\strutbox@=\box28
\big@size=\dimen105
LaTeX Font Info:    Redeclaring font encoding OML on input line 729.
LaTeX Font Info:    Redeclaring font encoding OMS on input line 730.
\macc@depth=\count93
\c@MaxMatrixCols=\count94
\dotsspace@=\muskip10
\c@parentequation=\count95
\dspbrk@lvl=\count96
\tag@help=\toks15
\row@=\count97
\column@=\count98
\maxfields@=\count99
\andhelp@=\toks16
\eqnshift@=\dimen106
\alignsep@=\dimen107
\tagshift@=\dimen108
\tagwidth@=\dimen109
\totwidth@=\dimen110
\lineht@=\dimen111
\@envbody=\toks17
\multlinegap=\skip44
\multlinetaggap=\skip45
\mathdisplay@stack=\toks18
LaTeX Info: Redefining \[ on input line 2844.
LaTeX Info: Redefining \] on input line 2845.
) (/usr/share/texlive/texmf-dist/tex/latex/amsfonts/amsfonts.sty
Package: amsfonts 2013/01/14 v3.01 Basic AMSFonts support
\symAMSa=\mathgroup4
\symAMSb=\mathgroup5
LaTeX Font Info:    Overwriting math alphabet `\mathfrak' in version `bold'
(Font)                  U/euf/m/n --> U/euf/b/n on input line 106.
) (/usr/share/texlive/texmf-dist/tex/latex/graphics/graphicx.sty
Package: graphicx 2017/06/01 v1.1a Enhanced LaTeX Graphics (DPC,SPQR)
(/usr/share/texlive/texmf-dist/tex/latex/graphics/keyval.sty
Package: keyval 2014/10/28 v1.15 key=value parser (DPC)
\KV@toks@=\toks19
) (/usr/share/texlive/texmf-dist/tex/latex/graphics/graphics.sty
Package: graphics 2017/06/25 v1.2c Standard LaTeX Graphics (DPC,SPQR)
(/usr/share/texlive/texmf-dist/tex/latex/graphics/trig.sty
Package: trig 2016/01/03 v1.10 sin cos tan (DPC)
) (/usr/share/texlive/texmf-dist/tex/latex/graphics-cfg/graphics.cfg
File: graphics.cfg 2016/06/04 v1.11 sample graphics configuration
)
Package graphics Info: Driver file: pdftex.def on input line 99.
(/usr/share/texlive/texmf-dist/tex/latex/graphics-def/pdftex.def
File: pdftex.def 2018/01/08 v1.0l Graphics/color driver for pdftex
))
\Gin@req@height=\dimen112
\Gin@req@width=\dimen113
) (/usr/share/texlive/texmf-dist/tex/latex/base/inputenc.sty
Package: inputenc 2018/08/11 v1.3c Input encoding file
\inpenc@prehook=\toks20
\inpenc@posthook=\toks21
) (/usr/share/texlive/texmf-dist/tex/generic/babel/babel.sty
Package: babel 2018/11/13 3.27 The Babel package
(/usr/share/texlive/texmf-dist/tex/generic/babel/switch.def
File: switch.def 2018/11/13 3.27 Babel switching mechanism
) (/usr/share/texlive/texmf-dist/tex/generic/babel-spanish/spanish.ldf
Language: spanish.ldf 2016/03/03 v5.0p Spanish support from the babel system
(/usr/share/texlive/texmf-dist/tex/generic/babel/babel.def
File: babel.def 2018/11/13 3.27 Babel common definitions
\babel@savecnt=\count100
\U@D=\dimen114
(/usr/share/texlive/texmf-dist/tex/generic/babel/txtbabel.def)
\bbl@dirlevel=\count101
)
\es@quottoks=\toks22
\es@quotdepth=\count102
Package babel Info: Making " an active character on input line 561.
Package babel Info: Making . an active character on input line 662.
Package babel Info: Making < an active character on input line 707.
Package babel Info: Making > an active character on input line 707.
)) (/usr/share/texlive/texmf-dist/tex/latex/geometry/geometry.sty
Package: geometry 2018/04/16 v5.8 Page Geometry
(/usr/share/texlive/texmf-dist/tex/generic/oberdiek/ifpdf.sty
Package: ifpdf 2018/09/07 v3.3 Provides the ifpdf switch
) (/usr/share/texlive/texmf-dist/tex/generic/oberdiek/ifvtex.sty
Package: ifvtex 2016/05/16 v1.6 Detect VTeX and its facilities (HO)
Package ifvtex Info: VTeX not detected.
) (/usr/share/texlive/texmf-dist/tex/generic/ifxetex/ifxetex.sty
Package: ifxetex 2010/09/12 v0.6 Provides ifxetex conditional
)
\Gm@cnth=\count103
\Gm@cntv=\count104
\c@Gm@tempcnt=\count105
\Gm@bindingoffset=\dimen115
\Gm@wd@mp=\dimen116
\Gm@odd@mp=\dimen117
\Gm@even@mp=\dimen118
\Gm@layoutwidth=\dimen119
\Gm@layoutheight=\dimen120
\Gm@layouthoffset=\dimen121
\Gm@layoutvoffset=\dimen122
\Gm@dimlist=\toks23
) (/usr/share/texlive/texmf-dist/tex/latex/tools/bm.sty
Package: bm 2017/01/16 v1.2c Bold Symbol Support (DPC/FMi)
\symboldoperators=\mathgroup6
\symboldletters=\mathgroup7
\symboldsymbols=\mathgroup8
LaTeX Font Info:    Redeclaring math alphabet \mathbf on input line 141.
LaTeX Info: Redefining \bm on input line 207.
) (/usr/share/texlive/texmf-dist/tex/latex/hyperref/hyperref.sty
Package: hyperref 2018/11/30 v6.88e Hypertext links for LaTeX
(/usr/share/texlive/texmf-dist/tex/generic/oberdiek/hobsub-hyperref.sty
Package: hobsub-hyperref 2016/05/16 v1.14 Bundle oberdiek, subset hyperref (HO)

(/usr/share/texlive/texmf-dist/tex/generic/oberdiek/hobsub-generic.sty
Package: hobsub-generic 2016/05/16 v1.14 Bundle oberdiek, subset generic (HO)
Package: hobsub 2016/05/16 v1.14 Construct package bundles (HO)
Package: infwarerr 2016/05/16 v1.4 Providing info/warning/error messages (HO)
Package: ltxcmds 2016/05/16 v1.23 LaTeX kernel commands for general use (HO)
Package: ifluatex 2016/05/16 v1.4 Provides the ifluatex switch (HO)
Package ifluatex Info: LuaTeX not detected.
Package hobsub Info: Skipping package `ifvtex' (already loaded).
Package: intcalc 2016/05/16 v1.2 Expandable calculations with integers (HO)
Package hobsub Info: Skipping package `ifpdf' (already loaded).
Package: etexcmds 2016/05/16 v1.6 Avoid name clashes with e-TeX commands (HO)
Package: kvsetkeys 2016/05/16 v1.17 Key value parser (HO)
Package: kvdefinekeys 2016/05/16 v1.4 Define keys (HO)
Package: pdftexcmds 2018/09/10 v0.29 Utility functions of pdfTeX for LuaTeX (HO
)
Package pdftexcmds Info: LuaTeX not detected.
Package pdftexcmds Info: \pdf@primitive is available.
Package pdftexcmds Info: \pdf@ifprimitive is available.
Package pdftexcmds Info: \pdfdraftmode found.
Package: pdfescape 2016/05/16 v1.14 Implements pdfTeX's escape features (HO)
Package: bigintcalc 2016/05/16 v1.4 Expandable calculations on big integers (HO
)
Package: bitset 2016/05/16 v1.2 Handle bit-vector datatype (HO)
Package: uniquecounter 2016/05/16 v1.3 Provide unlimited unique counter (HO)
)
Package hobsub Info: Skipping package `hobsub' (already loaded).
Package: letltxmacro 2016/05/16 v1.5 Let assignment for LaTeX macros (HO)
Package: hopatch 2016/05/16 v1.3 Wrapper for package hooks (HO)
Package: xcolor-patch 2016/05/16 xcolor patch
Package: atveryend 2016/05/16 v1.9 Hooks at the very end of document (HO)
Package atveryend Info: \enddocument detected (standard20110627).
Package: atbegshi 2016/06/09 v1.18 At begin shipout hook (HO)
Package: refcount 2016/05/16 v3.5 Data extraction from label references (HO)
Package: hycolor 2016/05/16 v1.8 Color options for hyperref/bookmark (HO)
) (/usr/share/texlive/texmf-dist/tex/latex/oberdiek/auxhook.sty
Package: auxhook 2016/05/16 v1.4 Hooks for auxiliary files (HO)
) (/usr/share/texlive/texmf-dist/tex/latex/oberdiek/kvoptions.sty
Package: kvoptions 2016/05/16 v3.12 Key value format for package options (HO)
)
\@linkdim=\dimen123
\Hy@linkcounter=\count106
\Hy@pagecounter=\count107
(/usr/share/texlive/texmf-dist/tex/latex/hyperref/pd1enc.def
File: pd1enc.def 2018/11/30 v6.88e Hyperref: PDFDocEncoding definition (HO)
Now handling font encoding PD1 ...
... no UTF-8 mapping file for font encoding PD1
)
\Hy@SavedSpaceFactor=\count108
(/usr/share/texlive/texmf-dist/tex/latex/latexconfig/hyperref.cfg
File: hyperref.cfg 2002/06/06 v1.2 hyperref configuration of TeXLive
)
Package hyperref Info: Option `colorlinks' set `false' on input line 4393.
Package hyperref Info: Hyper figures OFF on input line 4519.
Package hyperref Info: Link nesting OFF on input line 4524.
Package hyperref Info: Hyper index ON on input line 4527.
Package hyperref Info: Plain pages OFF on input line 4534.
Package hyperref Info: Backreferencing OFF on input line 4539.
Package hyperref Info: Implicit mode ON; LaTeX internals redefined.
Package hyperref Info: Bookmarks ON on input line 4772.
\c@Hy@tempcnt=\count109
(/usr/share/texlive/texmf-dist/tex/latex/url/url.sty
\Urlmuskip=\muskip11
Package: url 2013/09/16  ver 3.4  Verb mode for urls, etc.
)
LaTeX Info: Redefining \url on input line 5125.
\XeTeXLinkMargin=\dimen124
\Fld@menulength=\count110
\Field@Width=\dimen125
\Fld@charsize=\dimen126
Package hyperref Info: Hyper figures OFF on input line 6380.
Package hyperref Info: Link nesting OFF on input line 6385.
Package hyperref Info: Hyper index ON on input line 6388.
Package hyperref Info: backreferencing OFF on input line 6395.
Package hyperref Info: Link coloring OFF on input line 6400.
Package hyperref Info: Link coloring with OCG OFF on input line 6405.
Package hyperref Info: PDF/A mode OFF on input line 6410.
LaTeX Info: Redefining \ref on input line 6450.
LaTeX Info: Redefining \pageref on input line 6454.
\Hy@abspage=\count111
\c@Item=\count112
\c@Hfootnote=\count113
)
Package hyperref Info: Driver (autodetected): hpdftex.
(/usr/share/texlive/texmf-dist/tex/latex/hyperref/hpdftex.def
File: hpdftex.def 2018/11/30 v6.88e Hyperref driver for pdfTeX
\Fld@listcount=\count114
\c@bookmark@seq@number=\count115
(/usr/share/texlive/texmf-dist/tex/latex/oberdiek/rerunfilecheck.sty
Package: rerunfilecheck 2016/05/16 v1.8 Rerun checks for auxiliary files (HO)
Package uniquecounter Info: New unique counter `rerunfilecheck' on input line 2
82.
)
\Hy@SectionHShift=\skip46
) (/usr/share/texlive/texmf-dist/tex/latex/amsfonts/amssymb.sty
Package: amssymb 2013/01/14 v3.01 AMS font symbols
) (/usr/share/texlive/texmf-dist/tex/latex/graphics/lscape.sty
Package: lscape 2000/10/22 v3.01 Landscape Pages (DPC)
) (/usr/share/texlive/texmf-dist/tex/latex/titlesec/titlesec.sty
Package: titlesec 2016/03/21 v2.10.2 Sectioning titles
\ttl@box=\box29
\beforetitleunit=\skip47
\aftertitleunit=\skip48
\ttl@plus=\dimen127
\ttl@minus=\dimen128
\ttl@toksa=\toks24
\titlewidth=\dimen129
\titlewidthlast=\dimen130
\titlewidthfirst=\dimen131
) (/usr/share/texlive/texmf-dist/tex/latex/titlesec/block.tss
File: block.tss 2016/03/15
) (/usr/share/texmf/tex/latex/html/html.sty
Package: html 1999/07/19 v1.38 hypertext commands for latex2html (nd, hws, rrm)

\c@lpart=\count116
\c@lchapter=\count117
\c@chapter=\count118
\c@lsection=\count119
\c@lsubsection=\count120
\c@lsubsubsection=\count121
\c@lparagraph=\count122
\c@lsubparagraph=\count123
\c@lsubsubparagraph=\count124
\ptrfile=\write3
) (/usr/share/texlive/texmf-dist/tex/latex/base/makeidx.sty
Package: makeidx 2014/09/29 v1.0m Standard LaTeX package
) (/usr/share/texlive/texmf-dist/tex/generic/epsf/epsf.sty
This is `epsf.tex' v2.7.4 <14 February 2011>
\epsffilein=\read1
\epsfframemargin=\dimen132
\epsfframethickness=\dimen133
\epsfrsize=\dimen134
\epsftmp=\dimen135
\epsftsize=\dimen136
\epsfxsize=\dimen137
\epsfysize=\dimen138
\pspoints=\dimen139
) (/usr/share/texlive/texmf-dist/tex/latex/xcolor/xcolor.sty
Package: xcolor 2016/05/11 v2.12 LaTeX color extensions (UK)
(/usr/share/texlive/texmf-dist/tex/latex/graphics-cfg/color.cfg
File: color.cfg 2016/01/02 v1.6 sample color configuration
)
Package xcolor Info: Driver file: pdftex.def on input line 225.
Package xcolor Info: Model `cmy' substituted by `cmy0' on input line 1348.
Package xcolor Info: Model `hsb' substituted by `rgb' on input line 1352.
Package xcolor Info: Model `RGB' extended on input line 1364.
Package xcolor Info: Model `HTML' substituted by `rgb' on input line 1366.
Package xcolor Info: Model `Hsb' substituted by `hsb' on input line 1367.
Package xcolor Info: Model `tHsb' substituted by `hsb' on input line 1368.
Package xcolor Info: Model `HSB' substituted by `hsb' on input line 1369.
Package xcolor Info: Model `Gray' substituted by `gray' on input line 1370.
Package xcolor Info: Model `wave' substituted by `hsb' on input line 1371.
)

! LaTeX Error: Option clash for package inputenc.

See the LaTeX manual or LaTeX Companion for explanation.
Type  H <return>  for immediate help.
 ...                                              
                                                  
l.32 
     
The package inputenc has already been loaded with options:
  [utf8]
There has now been an attempt to load it with options
  [latin1]
Adding the global options:
  utf8,latin1
to your \documentclass declaration may fix this.
Try typing  <return>  to proceed.

\sizebox=\box30
\lthtmlwrite=\write4
(/usr/share/texmf/tex/latex/preview/preview.sty
Package: preview 2017/04/24 11.91 (AUCTeX/preview-latex)
(/usr/share/texlive/texmf-dist/tex/generic/luatex85/luatex85.sty
Package: luatex85 2016/06/15 v1.4 pdftex aliases for luatex
) (/usr/share/texmf/tex/latex/preview/prtightpage.def
\PreviewBorder=\dimen140
)
\pr@snippet=\count125
\pr@box=\box31
\pr@output=\toks25
)
\lthtmlPageBox=\box32
\lthtmlCropMarkHeight=\dimen141
\lthtmlCropMarkDepth=\dimen142
! Too many }'s.
l.84 ...preview}\copy\lthtmlPageBox\end{preview}}}
                                                  %
You've closed more groups than you opened.
Such booboos are generally harmless, so keep going.


LaTeX Warning: Unused global option(s):
    [secnumarabic,balancelastpage,amsmath,amssymb].

(./images.aux)
\openout1 = `images.aux'.

LaTeX Font Info:    Checking defaults for OML/cmm/m/it on input line 129.
LaTeX Font Info:    ... okay on input line 129.
LaTeX Font Info:    Checking defaults for T1/cmr/m/n on input line 129.
LaTeX Font Info:    ... okay on input line 129.
LaTeX Font Info:    Checking defaults for OT1/cmr/m/n on input line 129.
LaTeX Font Info:    ... okay on input line 129.
LaTeX Font Info:    Checking defaults for OMS/cmsy/m/n on input line 129.
LaTeX Font Info:    ... okay on input line 129.
LaTeX Font Info:    Checking defaults for OMX/cmex/m/n on input line 129.
LaTeX Font Info:    ... okay on input line 129.
LaTeX Font Info:    Checking defaults for U/cmr/m/n on input line 129.
LaTeX Font Info:    ... okay on input line 129.
LaTeX Font Info:    Checking defaults for PD1/pdf/m/n on input line 129.
LaTeX Font Info:    ... okay on input line 129.
(/usr/share/texlive/texmf-dist/tex/context/base/mkii/supp-pdf.mkii
[Loading MPS to PDF converter (version 2006.09.02).]
\scratchcounter=\count126
\scratchdimen=\dimen143
\scratchbox=\box33
\nofMPsegments=\count127
\nofMParguments=\count128
\everyMPshowfont=\toks26
\MPscratchCnt=\count129
\MPscratchDim=\dimen144
\MPnumerator=\count130
\makeMPintoPDFobject=\count131
\everyMPtoPDFconversion=\toks27
) (/usr/share/texlive/texmf-dist/tex/latex/oberdiek/epstopdf-base.sty
Package: epstopdf-base 2016/05/15 v2.6 Base part for package epstopdf
(/usr/share/texlive/texmf-dist/tex/latex/oberdiek/grfext.sty
Package: grfext 2016/05/16 v1.2 Manage graphics extensions (HO)
)
Package epstopdf-base Info: Redefining graphics rule for `.eps' on input line 4
38.
Package grfext Info: Graphics extension search list:
(grfext)             [.pdf,.png,.jpg,.mps,.jpeg,.jbig2,.jb2,.PDF,.PNG,.JPG,.JPE
G,.JBIG2,.JB2,.eps]
(grfext)             \AppendGraphicsExtensions on input line 456.
(/usr/share/texlive/texmf-dist/tex/latex/latexconfig/epstopdf-sys.cfg
File: epstopdf-sys.cfg 2010/07/13 v1.3 Configuration of (r)epstopdf for TeX Liv
e
))
LaTeX Info: Redefining \. on input line 129.
LaTeX Info: Redefining \% on input line 129.
*geometry* driver: auto-detecting
*geometry* detected driver: pdftex
*geometry* verbose mode - [ preamble ] result:
* driver: pdftex
* paper: <default>
* layout: <same size as paper>
* layoutoffset:(h,v)=(0.0pt,0.0pt)
* modes: 
* h-part:(L,W,R)=(56.9055pt, 500.484pt, 56.9055pt)
* v-part:(T,H,B)=(56.9055pt, 681.15898pt, 56.9055pt)
* \paperwidth=614.295pt
* \paperheight=794.96999pt
* \textwidth=349.0pt
* \textheight=695.7945pt
* \oddsidemargin=-15.36449pt
* \evensidemargin=-15.36449pt
* \topmargin=0.0pt
* \headheight=0.0pt
* \headsep=0.0pt
* \topskip=0.00003pt
* \footskip=0.0pt
* \marginparwidth=65.0pt
* \marginparsep=11.0pt
* \columnsep=10.0pt
* \skip\footins=9.0pt plus 4.0pt minus 2.0pt
* \hoffset=0.0pt
* \voffset=0.0pt
* \mag=1000
* \@twocolumnfalse
* \@twosidefalse
* \@mparswitchfalse
* \@reversemarginfalse
* (1in=72.27pt=25.4mm, 1cm=28.453pt)

\AtBeginShipoutBox=\box34
Package hyperref Info: Link coloring OFF on input line 129.
(/usr/share/texlive/texmf-dist/tex/latex/hyperref/nameref.sty
Package: nameref 2016/05/21 v2.44 Cross-referencing by name of section
(/usr/share/texlive/texmf-dist/tex/generic/oberdiek/gettitlestring.sty
Package: gettitlestring 2016/05/16 v1.5 Cleanup title references (HO)
)
\c@section@level=\count132
)
LaTeX Info: Redefining \ref on input line 129.
LaTeX Info: Redefining \pageref on input line 129.
LaTeX Info: Redefining \nameref on input line 129.
(./images.out) (./images.out)
\@outlinefile=\write5
\openout5 = `images.out'.

Preview: Fontsize 10pt
Preview: PDFoutput 1

latex2htmlLength hsize=349.0pt

latex2htmlLength vsize=695.7945pt

latex2htmlLength hoffset=0.0pt

latex2htmlLength voffset=0.0pt

latex2htmlLength topmargin=0.0pt

latex2htmlLength topskip=0.00003pt

latex2htmlLength headheight=0.0pt

latex2htmlLength headsep=0.0pt

latex2htmlLength parskip=0.0pt plus 1.0pt

latex2htmlLength oddsidemargin=-15.36449pt

latex2htmlLength evensidemargin=-15.36449pt

LaTeX Font Info:    Try loading font information for U+msa on input line 157.
(/usr/share/texlive/texmf-dist/tex/latex/amsfonts/umsa.fd
File: umsa.fd 2013/01/14 v3.01 AMS symbols A
)
LaTeX Font Info:    Try loading font information for U+msb on input line 157.
(/usr/share/texlive/texmf-dist/tex/latex/amsfonts/umsb.fd
File: umsb.fd 2013/01/14 v3.01 AMS symbols B
)

:tex2html_wrap_inline525:lthtmlCropMarkHeight:=12.94444pt

:tex2html_wrap_inline525:lthtmlCropMarkDepth:=1.94444pt:1ex:=4.30554pt
Preview: Tightpage -32891 -32891 32891 32891
[1{/var/lib/texmf/fonts/map/pdftex/updmap/pdftex.map}]

:tex2html_wrap_inline527:lthtmlCropMarkHeight:=12.83331pt

:tex2html_wrap_inline527:lthtmlCropMarkDepth:=1.94444pt:1ex:=4.30554pt
[2]

:tex2html_wrap_inline529:lthtmlCropMarkHeight:=10.30554pt

:tex2html_wrap_inline529:lthtmlCropMarkDepth:=0.0pt:1ex:=4.30554pt
[3]

:tex2html_wrap_inline531:lthtmlCropMarkHeight:=12.94444pt

:tex2html_wrap_inline531:lthtmlCropMarkDepth:=1.94444pt:1ex:=4.30554pt
[4]

:tex2html_wrap_inline533:lthtmlCropMarkHeight:=12.83331pt

:tex2html_wrap_inline533:lthtmlCropMarkDepth:=0.83333pt:1ex:=4.30554pt
[5]

:tex2html_wrap_inline535:lthtmlCropMarkHeight:=11.83333pt

:tex2html_wrap_inline535:lthtmlCropMarkDepth:=0.83333pt:1ex:=4.30554pt
[6]

:tex2html_wrap_inline537:lthtmlCropMarkHeight:=13.5pt

:tex2html_wrap_inline537:lthtmlCropMarkDepth:=2.5pt:1ex:=4.30554pt
[7]

:tex2html_wrap_inline539:lthtmlCropMarkHeight:=12.83331pt

:tex2html_wrap_inline539:lthtmlCropMarkDepth:=1.49998pt:1ex:=4.30554pt
[8]

:tex2html_wrap_inline541:lthtmlCropMarkHeight:=12.44444pt

:tex2html_wrap_inline541:lthtmlCropMarkDepth:=1.49998pt:1ex:=4.30554pt
[9]

:tex2html_wrap_inline543:lthtmlCropMarkHeight:=10.30554pt

:tex2html_wrap_inline543:lthtmlCropMarkDepth:=0.0pt:1ex:=4.30554pt
[10]

:tex2html_wrap_inline545:lthtmlCropMarkHeight:=12.83331pt

:tex2html_wrap_inline545:lthtmlCropMarkDepth:=0.0pt:1ex:=4.30554pt
[11]

:tex2html_wrap_inline547:lthtmlCropMarkHeight:=13.5pt

:tex2html_wrap_inline547:lthtmlCropMarkDepth:=2.5pt:1ex:=4.30554pt
[12]

:tex2html_wrap_inline549:lthtmlCropMarkHeight:=13.5pt

:tex2html_wrap_inline549:lthtmlCropMarkDepth:=2.5pt:1ex:=4.30554pt
[13]

:tex2html_wrap_inline551:lthtmlCropMarkHeight:=12.83331pt

:tex2html_wrap_inline551:lthtmlCropMarkDepth:=0.39098pt:1ex:=4.30554pt
[14]

:tex2html_wrap_inline553:lthtmlCropMarkHeight:=13.5pt

:tex2html_wrap_inline553:lthtmlCropMarkDepth:=2.5pt:1ex:=4.30554pt
[15]

:tex2html_wrap_inline555:lthtmlCropMarkHeight:=13.5pt

:tex2html_wrap_inline555:lthtmlCropMarkDepth:=2.5pt:1ex:=4.30554pt
[16]

:tex2html_wrap_inline557:lthtmlCropMarkHeight:=13.5pt

:tex2html_wrap_inline557:lthtmlCropMarkDepth:=2.5pt:1ex:=4.30554pt
[17]

:tex2html_wrap_inline559:lthtmlCropMarkHeight:=12.44444pt

:tex2html_wrap_inline559:lthtmlCropMarkDepth:=0.0pt:1ex:=4.30554pt
[18]

:tex2html_wrap_inline561:lthtmlCropMarkHeight:=12.94444pt

:tex2html_wrap_inline561:lthtmlCropMarkDepth:=1.94444pt:1ex:=4.30554pt
[19]

:tex2html_wrap_inline565:lthtmlCropMarkHeight:=12.83331pt

:tex2html_wrap_inline565:lthtmlCropMarkDepth:=1.94444pt:1ex:=4.30554pt
[20]

:tex2html_wrap_inline569:lthtmlCropMarkHeight:=12.94444pt

:tex2html_wrap_inline569:lthtmlCropMarkDepth:=0.39098pt:1ex:=4.30554pt
[21]

:tex2html_wrap_inline571:lthtmlCropMarkHeight:=12.83331pt

:tex2html_wrap_inline571:lthtmlCropMarkDepth:=0.39098pt:1ex:=4.30554pt
[22]

:tex2html_wrap_inline573:lthtmlCropMarkHeight:=12.94444pt

:tex2html_wrap_inline573:lthtmlCropMarkDepth:=0.39098pt:1ex:=4.30554pt
[23]

:tex2html_wrap_inline575:lthtmlCropMarkHeight:=12.94444pt

:tex2html_wrap_inline575:lthtmlCropMarkDepth:=1.94444pt:1ex:=4.30554pt
[24]

:tex2html_wrap_inline577:lthtmlCropMarkHeight:=13.5pt

:tex2html_wrap_inline577:lthtmlCropMarkDepth:=2.5pt:1ex:=4.30554pt
[25]

:tex2html_wrap_inline579:lthtmlCropMarkHeight:=12.83331pt

:tex2html_wrap_inline579:lthtmlCropMarkDepth:=0.39098pt:1ex:=4.30554pt
[26]

:tex2html_wrap_inline581:lthtmlCropMarkHeight:=13.5pt

:tex2html_wrap_inline581:lthtmlCropMarkDepth:=2.5pt:1ex:=4.30554pt
[27]

:tex2html_wrap_inline585:lthtmlCropMarkHeight:=13.14444pt

:tex2html_wrap_inline585:lthtmlCropMarkDepth:=1.49998pt:1ex:=4.30554pt
[28]

:tex2html_wrap_inline587:lthtmlCropMarkHeight:=15.28334pt

:tex2html_wrap_inline587:lthtmlCropMarkDepth:=0.0pt:1ex:=4.30554pt
[29]

:tex2html_wrap_inline589:lthtmlCropMarkHeight:=13.14444pt

:tex2html_wrap_inline589:lthtmlCropMarkDepth:=0.0pt:1ex:=4.30554pt
[30]

:tex2html_wrap_inline591:lthtmlCropMarkHeight:=13.5pt

:tex2html_wrap_inline591:lthtmlCropMarkDepth:=2.5pt:1ex:=4.30554pt
[31]

:tex2html_wrap_inline593:lthtmlCropMarkHeight:=13.5pt

:tex2html_wrap_inline593:lthtmlCropMarkDepth:=2.5pt:1ex:=4.30554pt
[32]

:tex2html_wrap_inline595:lthtmlCropMarkHeight:=12.86111pt

:tex2html_wrap_inline595:lthtmlCropMarkDepth:=0.0pt:1ex:=4.30554pt
[33]

:tex2html_wrap_inline601:lthtmlCropMarkHeight:=13.14444pt

:tex2html_wrap_inline601:lthtmlCropMarkDepth:=0.0pt:1ex:=4.30554pt
[34]

:tex2html_wrap_inline603:lthtmlCropMarkHeight:=13.5pt

:tex2html_wrap_inline603:lthtmlCropMarkDepth:=2.5pt:1ex:=4.30554pt
[35]

:tex2html_wrap_inline607:lthtmlCropMarkHeight:=14.07217pt

:tex2html_wrap_inline607:lthtmlCropMarkDepth:=2.32779pt:1ex:=4.30554pt
[36]

:tex2html_wrap_inline609:lthtmlCropMarkHeight:=13.5pt

:tex2html_wrap_inline609:lthtmlCropMarkDepth:=2.5pt:1ex:=4.30554pt
[37]

:tex2html_wrap_inline611:lthtmlCropMarkHeight:=13.14444pt

:tex2html_wrap_inline611:lthtmlCropMarkDepth:=1.94444pt:1ex:=4.30554pt
[38]

:tex2html_wrap_inline613:lthtmlCropMarkHeight:=12.83331pt

:tex2html_wrap_inline613:lthtmlCropMarkDepth:=0.39098pt:1ex:=4.30554pt
[39]

:tex2html_wrap_inline615:lthtmlCropMarkHeight:=13.5pt

:tex2html_wrap_inline615:lthtmlCropMarkDepth:=2.5pt:1ex:=4.30554pt
[40]

:tex2html_wrap_inline617:lthtmlCropMarkHeight:=13.5pt

:tex2html_wrap_inline617:lthtmlCropMarkDepth:=2.5pt:1ex:=4.30554pt
[41]

:tex2html_wrap_inline619:lthtmlCropMarkHeight:=13.14444pt

:tex2html_wrap_inline619:lthtmlCropMarkDepth:=0.0pt:1ex:=4.30554pt
[42]

:tex2html_wrap_inline621:lthtmlCropMarkHeight:=13.5pt

:tex2html_wrap_inline621:lthtmlCropMarkDepth:=2.5pt:1ex:=4.30554pt
[43]

:tex2html_wrap_inline623:lthtmlCropMarkHeight:=13.5pt

:tex2html_wrap_inline623:lthtmlCropMarkDepth:=2.5pt:1ex:=4.30554pt
[44]

:tex2html_wrap_inline625:lthtmlCropMarkHeight:=13.5pt

:tex2html_wrap_inline625:lthtmlCropMarkDepth:=2.5pt:1ex:=4.30554pt
[45]

:tex2html_wrap_inline627:lthtmlCropMarkHeight:=13.5pt

:tex2html_wrap_inline627:lthtmlCropMarkDepth:=2.5pt:1ex:=4.30554pt
[46]

:tex2html_wrap_inline629:lthtmlCropMarkHeight:=12.83331pt

:tex2html_wrap_inline629:lthtmlCropMarkDepth:=1.9999pt:1ex:=4.30554pt
[47]

:tex2html_wrap_indisplay631:lthtmlCropMarkHeight:=20.9051pt

:tex2html_wrap_indisplay631:lthtmlCropMarkDepth:=6.85951pt:1ex:=4.30554pt
[48]

:tex2html_wrap_inline633:lthtmlCropMarkHeight:=12.94444pt

:tex2html_wrap_inline633:lthtmlCropMarkDepth:=1.94444pt:1ex:=4.30554pt
[49]

:tex2html_wrap_inline635:lthtmlCropMarkHeight:=13.5pt

:tex2html_wrap_inline635:lthtmlCropMarkDepth:=2.5pt:1ex:=4.30554pt
[50]

:tex2html_wrap_inline639:lthtmlCropMarkHeight:=12.94444pt

:tex2html_wrap_inline639:lthtmlCropMarkDepth:=1.94444pt:1ex:=4.30554pt
[51]

:tex2html_wrap_inline641:lthtmlCropMarkHeight:=12.94444pt

:tex2html_wrap_inline641:lthtmlCropMarkDepth:=1.94444pt:1ex:=4.30554pt
[52]

:tex2html_wrap_inline643:lthtmlCropMarkHeight:=13.14444pt

:tex2html_wrap_inline643:lthtmlCropMarkDepth:=0.0pt:1ex:=4.30554pt
[53]

:tex2html_wrap_inline645:lthtmlCropMarkHeight:=12.94444pt

:tex2html_wrap_inline645:lthtmlCropMarkDepth:=1.94444pt:1ex:=4.30554pt
[54]

:tex2html_wrap_inline647:lthtmlCropMarkHeight:=10.30554pt

:tex2html_wrap_inline647:lthtmlCropMarkDepth:=0.0pt:1ex:=4.30554pt
[55]

:tex2html_wrap_inline649:lthtmlCropMarkHeight:=12.94444pt

:tex2html_wrap_inline649:lthtmlCropMarkDepth:=0.0pt:1ex:=4.30554pt
[56]

:tex2html_wrap_inline651:lthtmlCropMarkHeight:=12.94444pt

:tex2html_wrap_inline651:lthtmlCropMarkDepth:=0.39098pt:1ex:=4.30554pt
[57]

:tex2html_wrap_inline653:lthtmlCropMarkHeight:=12.94444pt

:tex2html_wrap_inline653:lthtmlCropMarkDepth:=1.94444pt:1ex:=4.30554pt
[58]

:tex2html_wrap_inline655:lthtmlCropMarkHeight:=15.78334pt

:tex2html_wrap_inline655:lthtmlCropMarkDepth:=2.5pt:1ex:=4.30554pt
[59]

:tex2html_wrap_inline659:lthtmlCropMarkHeight:=13.14444pt

:tex2html_wrap_inline659:lthtmlCropMarkDepth:=0.0pt:1ex:=4.30554pt
[60]

:tex2html_wrap_inline663:lthtmlCropMarkHeight:=12.94444pt

:tex2html_wrap_inline663:lthtmlCropMarkDepth:=0.0pt:1ex:=4.30554pt
[61]

:tex2html_wrap_inline665:lthtmlCropMarkHeight:=12.94444pt

:tex2html_wrap_inline665:lthtmlCropMarkDepth:=0.39098pt:1ex:=4.30554pt
[62]

:tex2html_wrap_inline667:lthtmlCropMarkHeight:=13.5pt

:tex2html_wrap_inline667:lthtmlCropMarkDepth:=2.5pt:1ex:=4.30554pt
[63]

:tex2html_wrap_inline669:lthtmlCropMarkHeight:=12.94444pt

:tex2html_wrap_inline669:lthtmlCropMarkDepth:=0.0pt:1ex:=4.30554pt
[64]

:tex2html_wrap_inline671:lthtmlCropMarkHeight:=12.94444pt

:tex2html_wrap_inline671:lthtmlCropMarkDepth:=0.39098pt:1ex:=4.30554pt
[65]

:tex2html_wrap_inline673:lthtmlCropMarkHeight:=13.5pt

:tex2html_wrap_inline673:lthtmlCropMarkDepth:=2.5pt:1ex:=4.30554pt
[66]

:tex2html_wrap_inline675:lthtmlCropMarkHeight:=13.5pt

:tex2html_wrap_inline675:lthtmlCropMarkDepth:=2.5pt:1ex:=4.30554pt
[67]

:tex2html_wrap_inline677:lthtmlCropMarkHeight:=12.94444pt

:tex2html_wrap_inline677:lthtmlCropMarkDepth:=1.94444pt:1ex:=4.30554pt
[68]

:tex2html_wrap_inline681:lthtmlCropMarkHeight:=12.94444pt

:tex2html_wrap_inline681:lthtmlCropMarkDepth:=1.94444pt:1ex:=4.30554pt
[69]

:tex2html_wrap_inline683:lthtmlCropMarkHeight:=13.5pt

:tex2html_wrap_inline683:lthtmlCropMarkDepth:=2.5pt:1ex:=4.30554pt
[70]

:tex2html_wrap_inline685:lthtmlCropMarkHeight:=12.83331pt

:tex2html_wrap_inline685:lthtmlCropMarkDepth:=0.0pt:1ex:=4.30554pt
[71]

:tex2html_wrap_inline687:lthtmlCropMarkHeight:=12.88586pt

:tex2html_wrap_inline687:lthtmlCropMarkDepth:=0.39098pt:1ex:=4.30554pt
[72]

:tex2html_wrap_inline689:lthtmlCropMarkHeight:=14.8332pt

:tex2html_wrap_inline689:lthtmlCropMarkDepth:=0.39098pt:1ex:=4.30554pt
[73]

:tex2html_wrap_inline693:lthtmlCropMarkHeight:=12.83331pt

:tex2html_wrap_inline693:lthtmlCropMarkDepth:=0.39098pt:1ex:=4.30554pt
[74]

:tex2html_wrap_inline695:lthtmlCropMarkHeight:=12.88586pt

:tex2html_wrap_inline695:lthtmlCropMarkDepth:=0.39098pt:1ex:=4.30554pt
[75]

:tex2html_wrap_inline697:lthtmlCropMarkHeight:=14.8332pt

:tex2html_wrap_inline697:lthtmlCropMarkDepth:=0.39098pt:1ex:=4.30554pt
[76]

:tex2html_wrap_inline699:lthtmlCropMarkHeight:=12.83331pt

:tex2html_wrap_inline699:lthtmlCropMarkDepth:=0.39098pt:1ex:=4.30554pt
[77]

:tex2html_wrap_inline703:lthtmlCropMarkHeight:=12.88586pt

:tex2html_wrap_inline703:lthtmlCropMarkDepth:=0.39098pt:1ex:=4.30554pt
[78]

:tex2html_wrap_inline705:lthtmlCropMarkHeight:=12.83331pt

:tex2html_wrap_inline705:lthtmlCropMarkDepth:=0.39098pt:1ex:=4.30554pt
[79]

:tex2html_wrap_inline707:lthtmlCropMarkHeight:=14.8332pt

:tex2html_wrap_inline707:lthtmlCropMarkDepth:=0.39098pt:1ex:=4.30554pt
[80]

:tex2html_wrap_inline711:lthtmlCropMarkHeight:=12.88586pt

:tex2html_wrap_inline711:lthtmlCropMarkDepth:=0.0pt:1ex:=4.30554pt
[81]

:tex2html_wrap_inline713:lthtmlCropMarkHeight:=14.8332pt

:tex2html_wrap_inline713:lthtmlCropMarkDepth:=0.0pt:1ex:=4.30554pt
[82]

:tex2html_wrap_inline715:lthtmlCropMarkHeight:=12.88586pt

:tex2html_wrap_inline715:lthtmlCropMarkDepth:=0.0pt:1ex:=4.30554pt
[83]

:tex2html_wrap_inline717:lthtmlCropMarkHeight:=14.8332pt

:tex2html_wrap_inline717:lthtmlCropMarkDepth:=0.0pt:1ex:=4.30554pt
[84]

:tex2html_wrap_inline719:lthtmlCropMarkHeight:=13.5pt

:tex2html_wrap_inline719:lthtmlCropMarkDepth:=2.5pt:1ex:=4.30554pt
[85]

:tex2html_wrap_inline723:lthtmlCropMarkHeight:=13.5pt

:tex2html_wrap_inline723:lthtmlCropMarkDepth:=2.5pt:1ex:=4.30554pt
[86]

:tex2html_wrap_inline725:lthtmlCropMarkHeight:=13.5pt

:tex2html_wrap_inline725:lthtmlCropMarkDepth:=2.5pt:1ex:=4.30554pt
[87]

:tex2html_wrap_inline729:lthtmlCropMarkHeight:=12.83331pt

:tex2html_wrap_inline729:lthtmlCropMarkDepth:=0.0pt:1ex:=4.30554pt
[88]

:tex2html_wrap_inline731:lthtmlCropMarkHeight:=12.83331pt

:tex2html_wrap_inline731:lthtmlCropMarkDepth:=1.94444pt:1ex:=4.30554pt
[89]

:tex2html_wrap_inline733:lthtmlCropMarkHeight:=13.5pt

:tex2html_wrap_inline733:lthtmlCropMarkDepth:=2.5pt:1ex:=4.30554pt
[90]

:tex2html_wrap_inline735:lthtmlCropMarkHeight:=13.5pt

:tex2html_wrap_inline735:lthtmlCropMarkDepth:=2.5pt:1ex:=4.30554pt
[91]

:tex2html_wrap_inline737:lthtmlCropMarkHeight:=13.5pt

:tex2html_wrap_inline737:lthtmlCropMarkDepth:=2.5pt:1ex:=4.30554pt
[92]

:tex2html_wrap_inline739:lthtmlCropMarkHeight:=13.5pt

:tex2html_wrap_inline739:lthtmlCropMarkDepth:=2.5pt:1ex:=4.30554pt
[93]

:tex2html_wrap_inline741:lthtmlCropMarkHeight:=13.5pt

:tex2html_wrap_inline741:lthtmlCropMarkDepth:=2.5pt:1ex:=4.30554pt
[94]

:tex2html_wrap_inline743:lthtmlCropMarkHeight:=10.30554pt

:tex2html_wrap_inline743:lthtmlCropMarkDepth:=1.94444pt:1ex:=4.30554pt
[95]

:tex2html_wrap_inline745:lthtmlCropMarkHeight:=12.94444pt

:tex2html_wrap_inline745:lthtmlCropMarkDepth:=0.0pt:1ex:=4.30554pt
[96]

:tex2html_wrap_inline751:lthtmlCropMarkHeight:=12.94444pt

:tex2html_wrap_inline751:lthtmlCropMarkDepth:=0.0pt:1ex:=4.30554pt
[97]

:tex2html_wrap_inline753:lthtmlCropMarkHeight:=12.44444pt

:tex2html_wrap_inline753:lthtmlCropMarkDepth:=0.39098pt:1ex:=4.30554pt
[98]

:tex2html_wrap_inline755:lthtmlCropMarkHeight:=13.5pt

:tex2html_wrap_inline755:lthtmlCropMarkDepth:=2.5pt:1ex:=4.30554pt
[99]

:tex2html_wrap_inline757:lthtmlCropMarkHeight:=12.94444pt

:tex2html_wrap_inline757:lthtmlCropMarkDepth:=0.0pt:1ex:=4.30554pt
[100]

:tex2html_wrap_inline761:lthtmlCropMarkHeight:=13.5pt

:tex2html_wrap_inline761:lthtmlCropMarkDepth:=2.5pt:1ex:=4.30554pt
[101]

:tex2html_wrap_inline763:lthtmlCropMarkHeight:=13.5pt

:tex2html_wrap_inline763:lthtmlCropMarkDepth:=2.5pt:1ex:=4.30554pt
[102]

:tex2html_wrap_inline769:lthtmlCropMarkHeight:=12.83331pt

:tex2html_wrap_inline769:lthtmlCropMarkDepth:=0.0pt:1ex:=4.30554pt
[103]

:tex2html_wrap_inline771:lthtmlCropMarkHeight:=12.83331pt

:tex2html_wrap_inline771:lthtmlCropMarkDepth:=0.0pt:1ex:=4.30554pt
[104]

:tex2html_wrap_inline791:lthtmlCropMarkHeight:=13.5pt

:tex2html_wrap_inline791:lthtmlCropMarkDepth:=2.5pt:1ex:=4.30554pt
[105]

:tex2html_wrap_inline793:lthtmlCropMarkHeight:=14.8332pt

:tex2html_wrap_inline793:lthtmlCropMarkDepth:=0.0pt:1ex:=4.30554pt
[106]

:tex2html_wrap_inline795:lthtmlCropMarkHeight:=14.8332pt

:tex2html_wrap_inline795:lthtmlCropMarkDepth:=0.39098pt:1ex:=4.30554pt
[107]

:tex2html_wrap_inline799:lthtmlCropMarkHeight:=12.94444pt

:tex2html_wrap_inline799:lthtmlCropMarkDepth:=0.0pt:1ex:=4.30554pt
[108]

:tex2html_wrap_inline801:lthtmlCropMarkHeight:=14.8332pt

:tex2html_wrap_inline801:lthtmlCropMarkDepth:=0.0pt:1ex:=4.30554pt
[109]
Package atveryend Info: Empty hook `BeforeClearDocument' on input line 812.
Package atveryend Info: Empty hook `AfterLastShipout' on input line 812.
(./images.aux)
Package atveryend Info: Executing hook `AtVeryEndDocument' on input line 812.
Package atveryend Info: Executing hook `AtEndAfterFileList' on input line 812.
Package rerunfilecheck Info: File `images.out' has not changed.
(rerunfilecheck)             Checksum: D41D8CD98F00B204E9800998ECF8427E;0.
Package atveryend Info: Empty hook `AtVeryVeryEnd' on input line 812.
 ) 
Here is how much of TeX's memory you used:
 8556 strings out of 492615
 119147 string characters out of 6131390
 235375 words of memory out of 5000000
 12349 multiletter control sequences out of 15000+600000
 8096 words of font info for 31 fonts, out of 8000000 for 9000
 1141 hyphenation exceptions out of 8191
 28i,6n,35p,225b,371s stack positions out of 5000i,500n,10000p,200000b,80000s
</usr/share/texlive/texmf-dist/fonts/type1/public/amsfonts/cm/cmbx10.pfb></us
r/share/texlive/texmf-dist/fonts/type1/public/amsfonts/cm/cmmi10.pfb></usr/shar
e/texlive/texmf-dist/fonts/type1/public/amsfonts/cm/cmmi7.pfb></usr/share/texli
ve/texmf-dist/fonts/type1/public/amsfonts/cm/cmr10.pfb></usr/share/texlive/texm
f-dist/fonts/type1/public/amsfonts/cm/cmr7.pfb></usr/share/texlive/texmf-dist/f
onts/type1/public/amsfonts/cm/cmsy10.pfb></usr/share/texlive/texmf-dist/fonts/t
ype1/public/amsfonts/cm/cmsy7.pfb></usr/share/texlive/texmf-dist/fonts/type1/pu
blic/amsfonts/symbols/msbm10.pfb>
Output written on images.pdf (109 pages, 98763 bytes).
PDF statistics:
 390 PDF objects out of 1000 (max. 8388607)
 268 compressed objects within 3 object streams
 0 named destinations out of 1000 (max. 500000)
 1 words of extra memory for PDF output out of 10000 (max. 10000000)

