This is pdfTeX, Version 3.14159265-2.6-1.40.19 (TeX Live 2019/dev/Debian) (preloaded format=pdflatex 2019.10.1)  21 AUG 2020 04:02
entering extended mode
 restricted \write18 enabled.
 %&-line parsing enabled.
**./images.tex
(./images.tex
LaTeX2e <2018-12-01>

(/usr/share/texlive/texmf-dist/tex/latex/base/article.cls
Document Class: article 2018/09/03 v1.4i Standard LaTeX document class
(/usr/share/texlive/texmf-dist/tex/latex/base/size10.clo
File: size10.clo 2018/09/03 v1.4i Standard LaTeX file (size option)
)
\c@part=\count80
\c@section=\count81
\c@subsection=\count82
\c@subsubsection=\count83
\c@paragraph=\count84
\c@subparagraph=\count85
\c@figure=\count86
\c@table=\count87
\abovecaptionskip=\skip41
\belowcaptionskip=\skip42
\bibindent=\dimen102
) (/usr/share/texlive/texmf-dist/tex/latex/base/ifthen.sty
Package: ifthen 2014/09/29 v1.1c Standard LaTeX ifthen package (DPC)
) (/usr/share/texlive/texmf-dist/tex/latex/graphics/graphicx.sty
Package: graphicx 2017/06/01 v1.1a Enhanced LaTeX Graphics (DPC,SPQR)
(/usr/share/texlive/texmf-dist/tex/latex/graphics/keyval.sty
Package: keyval 2014/10/28 v1.15 key=value parser (DPC)
\KV@toks@=\toks14
) (/usr/share/texlive/texmf-dist/tex/latex/graphics/graphics.sty
Package: graphics 2017/06/25 v1.2c Standard LaTeX Graphics (DPC,SPQR)
(/usr/share/texlive/texmf-dist/tex/latex/graphics/trig.sty
Package: trig 2016/01/03 v1.10 sin cos tan (DPC)
) (/usr/share/texlive/texmf-dist/tex/latex/graphics-cfg/graphics.cfg
File: graphics.cfg 2016/06/04 v1.11 sample graphics configuration
)
Package graphics Info: Driver file: pdftex.def on input line 99.
(/usr/share/texlive/texmf-dist/tex/latex/graphics-def/pdftex.def
File: pdftex.def 2018/01/08 v1.0l Graphics/color driver for pdftex
))
\Gin@req@height=\dimen103
\Gin@req@width=\dimen104
) (/usr/share/texlive/texmf-dist/tex/latex/tools/multicol.sty
Package: multicol 2018/12/27 v1.8v multicolumn formatting (FMi)
\c@tracingmulticols=\count88
\mult@box=\box27
\multicol@leftmargin=\dimen105
\c@unbalance=\count89
\c@collectmore=\count90
\doublecol@number=\count91
\multicoltolerance=\count92
\multicolpretolerance=\count93
\full@width=\dimen106
\page@free=\dimen107
\premulticols=\dimen108
\postmulticols=\dimen109
\multicolsep=\skip43
\multicolbaselineskip=\skip44
\partial@page=\box28
\last@line=\box29
\maxbalancingoverflow=\dimen110
\mult@rightbox=\box30
\mult@grightbox=\box31
\mult@gfirstbox=\box32
\mult@firstbox=\box33
\@tempa=\box34
\@tempa=\box35
\@tempa=\box36
\@tempa=\box37
\@tempa=\box38
\@tempa=\box39
\@tempa=\box40
\@tempa=\box41
\@tempa=\box42
\@tempa=\box43
\@tempa=\box44
\@tempa=\box45
\@tempa=\box46
\@tempa=\box47
\@tempa=\box48
\@tempa=\box49
\@tempa=\box50
\c@columnbadness=\count94
\c@finalcolumnbadness=\count95
\last@try=\dimen111
\multicolovershoot=\dimen112
\multicolundershoot=\dimen113
\mult@nat@firstbox=\box51
\colbreak@box=\box52
\mc@col@check@num=\count96
) (/usr/share/texlive/texmf-dist/tex/latex/base/inputenc.sty
Package: inputenc 2018/08/11 v1.3c Input encoding file
\inpenc@prehook=\toks15
\inpenc@posthook=\toks16
) (/usr/share/texlive/texmf-dist/tex/generic/babel/babel.sty
Package: babel 2018/11/13 3.27 The Babel package
(/usr/share/texlive/texmf-dist/tex/generic/babel/switch.def
File: switch.def 2018/11/13 3.27 Babel switching mechanism
) (/usr/share/texlive/texmf-dist/tex/generic/babel-spanish/spanish.ldf
Language: spanish.ldf 2016/03/03 v5.0p Spanish support from the babel system
(/usr/share/texlive/texmf-dist/tex/generic/babel/babel.def
File: babel.def 2018/11/13 3.27 Babel common definitions
\babel@savecnt=\count97
\U@D=\dimen114
(/usr/share/texlive/texmf-dist/tex/generic/babel/txtbabel.def)
\bbl@dirlevel=\count98
)
\es@quottoks=\toks17
\es@quotdepth=\count99
Package babel Info: Making " an active character on input line 561.
Package babel Info: Making . an active character on input line 662.
Package babel Info: Making < an active character on input line 707.
Package babel Info: Making > an active character on input line 707.
)) (/usr/share/texlive/texmf-dist/tex/latex/amsmath/amsmath.sty
Package: amsmath 2018/12/01 v2.17b AMS math features
\@mathmargin=\skip45
For additional information on amsmath, use the `?' option.
(/usr/share/texlive/texmf-dist/tex/latex/amsmath/amstext.sty
Package: amstext 2000/06/29 v2.01 AMS text
(/usr/share/texlive/texmf-dist/tex/latex/amsmath/amsgen.sty
File: amsgen.sty 1999/11/30 v2.0 generic functions
\@emptytoks=\toks18
\ex@=\dimen115
)) (/usr/share/texlive/texmf-dist/tex/latex/amsmath/amsbsy.sty
Package: amsbsy 1999/11/29 v1.2d Bold Symbols
\pmbraise@=\dimen116
) (/usr/share/texlive/texmf-dist/tex/latex/amsmath/amsopn.sty
Package: amsopn 2016/03/08 v2.02 operator names
)
\inf@bad=\count100
LaTeX Info: Redefining \frac on input line 223.
\uproot@=\count101
\leftroot@=\count102
LaTeX Info: Redefining \overline on input line 385.
\classnum@=\count103
\DOTSCASE@=\count104
LaTeX Info: Redefining \ldots on input line 482.
LaTeX Info: Redefining \dots on input line 485.
LaTeX Info: Redefining \cdots on input line 606.
\Mathstrutbox@=\box53
\strutbox@=\box54
\big@size=\dimen117
LaTeX Font Info:    Redeclaring font encoding OML on input line 729.
LaTeX Font Info:    Redeclaring font encoding OMS on input line 730.
\macc@depth=\count105
\c@MaxMatrixCols=\count106
\dotsspace@=\muskip10
\c@parentequation=\count107
\dspbrk@lvl=\count108
\tag@help=\toks19
\row@=\count109
\column@=\count110
\maxfields@=\count111
\andhelp@=\toks20
\eqnshift@=\dimen118
\alignsep@=\dimen119
\tagshift@=\dimen120
\tagwidth@=\dimen121
\totwidth@=\dimen122
\lineht@=\dimen123
\@envbody=\toks21
\multlinegap=\skip46
\multlinetaggap=\skip47
\mathdisplay@stack=\toks22
LaTeX Info: Redefining \[ on input line 2844.
LaTeX Info: Redefining \] on input line 2845.
) (/usr/share/texlive/texmf-dist/tex/latex/amsfonts/amsfonts.sty
Package: amsfonts 2013/01/14 v3.01 Basic AMSFonts support
\symAMSa=\mathgroup4
\symAMSb=\mathgroup5
LaTeX Font Info:    Overwriting math alphabet `\mathfrak' in version `bold'
(Font)                  U/euf/m/n --> U/euf/b/n on input line 106.
) (/usr/share/texlive/texmf-dist/tex/latex/amsfonts/amssymb.sty
Package: amssymb 2013/01/14 v3.01 AMS font symbols
) (/usr/share/texlive/texmf-dist/tex/latex/xcolor/xcolor.sty
Package: xcolor 2016/05/11 v2.12 LaTeX color extensions (UK)
(/usr/share/texlive/texmf-dist/tex/latex/graphics-cfg/color.cfg
File: color.cfg 2016/01/02 v1.6 sample color configuration
)
Package xcolor Info: Driver file: pdftex.def on input line 225.
Package xcolor Info: Model `cmy' substituted by `cmy0' on input line 1348.
Package xcolor Info: Model `hsb' substituted by `rgb' on input line 1352.
Package xcolor Info: Model `RGB' extended on input line 1364.
Package xcolor Info: Model `HTML' substituted by `rgb' on input line 1366.
Package xcolor Info: Model `Hsb' substituted by `hsb' on input line 1367.
Package xcolor Info: Model `tHsb' substituted by `hsb' on input line 1368.
Package xcolor Info: Model `HSB' substituted by `hsb' on input line 1369.
Package xcolor Info: Model `Gray' substituted by `gray' on input line 1370.
Package xcolor Info: Model `wave' substituted by `hsb' on input line 1371.
)

! LaTeX Error: Option clash for package inputenc.

See the LaTeX manual or LaTeX Companion for explanation.
Type  H <return>  for immediate help.
 ...                                              
                                                  
l.29 
     
The package inputenc has already been loaded with options:
  [utf8]
There has now been an attempt to load it with options
  [latin1]
Adding the global options:
  utf8,latin1
to your \documentclass declaration may fix this.
Try typing  <return>  to proceed.

\sizebox=\box55
\lthtmlwrite=\write3
(/usr/share/texmf/tex/latex/preview/preview.sty
Package: preview 2017/04/24 11.91 (AUCTeX/preview-latex)
(/usr/share/texlive/texmf-dist/tex/generic/luatex85/luatex85.sty
Package: luatex85 2016/06/15 v1.4 pdftex aliases for luatex
) (/usr/share/texmf/tex/latex/preview/prtightpage.def
\PreviewBorder=\dimen124
)
\pr@snippet=\count112
\pr@box=\box56
\pr@output=\toks23
)
\lthtmlPageBox=\box57
\lthtmlCropMarkHeight=\dimen125
\lthtmlCropMarkDepth=\dimen126
! Too many }'s.
l.81 ...preview}\copy\lthtmlPageBox\end{preview}}}
                                                  %
You've closed more groups than you opened.
Such booboos are generally harmless, so keep going.

(./images.aux
LaTeX Info: Redefining \. on input line 6.
LaTeX Info: Redefining \% on input line 6.
)
\openout1 = `images.aux'.

LaTeX Font Info:    Checking defaults for OML/cmm/m/it on input line 126.
LaTeX Font Info:    ... okay on input line 126.
LaTeX Font Info:    Checking defaults for T1/cmr/m/n on input line 126.
LaTeX Font Info:    ... okay on input line 126.
LaTeX Font Info:    Checking defaults for OT1/cmr/m/n on input line 126.
LaTeX Font Info:    ... okay on input line 126.
LaTeX Font Info:    Checking defaults for OMS/cmsy/m/n on input line 126.
LaTeX Font Info:    ... okay on input line 126.
LaTeX Font Info:    Checking defaults for OMX/cmex/m/n on input line 126.
LaTeX Font Info:    ... okay on input line 126.
LaTeX Font Info:    Checking defaults for U/cmr/m/n on input line 126.
LaTeX Font Info:    ... okay on input line 126.
(/usr/share/texlive/texmf-dist/tex/context/base/mkii/supp-pdf.mkii
[Loading MPS to PDF converter (version 2006.09.02).]
\scratchcounter=\count113
\scratchdimen=\dimen127
\scratchbox=\box58
\nofMPsegments=\count114
\nofMParguments=\count115
\everyMPshowfont=\toks24
\MPscratchCnt=\count116
\MPscratchDim=\dimen128
\MPnumerator=\count117
\makeMPintoPDFobject=\count118
\everyMPtoPDFconversion=\toks25
) (/usr/share/texlive/texmf-dist/tex/latex/oberdiek/epstopdf-base.sty
Package: epstopdf-base 2016/05/15 v2.6 Base part for package epstopdf
(/usr/share/texlive/texmf-dist/tex/generic/oberdiek/infwarerr.sty
Package: infwarerr 2016/05/16 v1.4 Providing info/warning/error messages (HO)
) (/usr/share/texlive/texmf-dist/tex/latex/oberdiek/grfext.sty
Package: grfext 2016/05/16 v1.2 Manage graphics extensions (HO)
(/usr/share/texlive/texmf-dist/tex/generic/oberdiek/kvdefinekeys.sty
Package: kvdefinekeys 2016/05/16 v1.4 Define keys (HO)
(/usr/share/texlive/texmf-dist/tex/generic/oberdiek/ltxcmds.sty
Package: ltxcmds 2016/05/16 v1.23 LaTeX kernel commands for general use (HO)
))) (/usr/share/texlive/texmf-dist/tex/latex/oberdiek/kvoptions.sty
Package: kvoptions 2016/05/16 v3.12 Key value format for package options (HO)
(/usr/share/texlive/texmf-dist/tex/generic/oberdiek/kvsetkeys.sty
Package: kvsetkeys 2016/05/16 v1.17 Key value parser (HO)
(/usr/share/texlive/texmf-dist/tex/generic/oberdiek/etexcmds.sty
Package: etexcmds 2016/05/16 v1.6 Avoid name clashes with e-TeX commands (HO)
(/usr/share/texlive/texmf-dist/tex/generic/oberdiek/ifluatex.sty
Package: ifluatex 2016/05/16 v1.4 Provides the ifluatex switch (HO)
Package ifluatex Info: LuaTeX not detected.
)))) (/usr/share/texlive/texmf-dist/tex/generic/oberdiek/pdftexcmds.sty
Package: pdftexcmds 2018/09/10 v0.29 Utility functions of pdfTeX for LuaTeX (HO
)
(/usr/share/texlive/texmf-dist/tex/generic/oberdiek/ifpdf.sty
Package: ifpdf 2018/09/07 v3.3 Provides the ifpdf switch
)
Package pdftexcmds Info: LuaTeX not detected.
Package pdftexcmds Info: \pdf@primitive is available.
Package pdftexcmds Info: \pdf@ifprimitive is available.
Package pdftexcmds Info: \pdfdraftmode found.
)
Package epstopdf-base Info: Redefining graphics rule for `.eps' on input line 4
38.
Package grfext Info: Graphics extension search list:
(grfext)             [.pdf,.png,.jpg,.mps,.jpeg,.jbig2,.jb2,.PDF,.PNG,.JPG,.JPE
G,.JBIG2,.JB2,.eps]
(grfext)             \AppendGraphicsExtensions on input line 456.
(/usr/share/texlive/texmf-dist/tex/latex/latexconfig/epstopdf-sys.cfg
File: epstopdf-sys.cfg 2010/07/13 v1.3 Configuration of (r)epstopdf for TeX Liv
e
))
LaTeX Info: Redefining \. on input line 126.
LaTeX Info: Redefining \% on input line 126.
Preview: Fontsize 10pt
Preview: PDFoutput 1

latex2htmlLength hsize=349.0pt

latex2htmlLength vsize=633.0pt

latex2htmlLength hoffset=0.0pt

latex2htmlLength voffset=0.0pt

latex2htmlLength topmargin=0.0pt

latex2htmlLength topskip=0.00003pt

latex2htmlLength headheight=0.0pt

latex2htmlLength headsep=0.0pt

latex2htmlLength parskip=0.0pt plus 1.0pt

latex2htmlLength oddsidemargin=62.0pt

latex2htmlLength evensidemargin=62.0pt

LaTeX Font Info:    Try loading font information for U+msa on input line 151.
(/usr/share/texlive/texmf-dist/tex/latex/amsfonts/umsa.fd
File: umsa.fd 2013/01/14 v3.01 AMS symbols A
)
LaTeX Font Info:    Try loading font information for U+msb on input line 151.
(/usr/share/texlive/texmf-dist/tex/latex/amsfonts/umsb.fd
File: umsb.fd 2013/01/14 v3.01 AMS symbols B
)

:tex2html_wrap_inline343:lthtmlCropMarkHeight:=16.70108pt

:tex2html_wrap_inline343:lthtmlCropMarkDepth:=4.80951pt:1ex:=4.30554pt
Preview: Tightpage -32891 -32891 32891 32891
[1{/var/lib/texmf/fonts/map/pdftex/updmap/pdftex.map}]

:tex2html_wrap_inline345:lthtmlCropMarkHeight:=9.66875pt

:tex2html_wrap_inline345:lthtmlCropMarkDepth:=0.0pt:1ex:=4.30554pt
[2]

:tex2html_wrap_inline347:lthtmlCropMarkHeight:=17.08998pt

:tex2html_wrap_inline347:lthtmlCropMarkDepth:=5.19841pt:1ex:=4.30554pt
[3]

:tex2html_wrap_inline350:lthtmlCropMarkHeight:=16.09998pt

:tex2html_wrap_inline350:lthtmlCropMarkDepth:=4.80951pt:1ex:=4.30554pt
[4]

:tex2html_wrap_inline354:lthtmlCropMarkHeight:=16.09998pt

:tex2html_wrap_inline354:lthtmlCropMarkDepth:=4.28175pt:1ex:=4.30554pt
[5]

:tex2html_wrap_inline358:lthtmlCropMarkHeight:=16.17732pt

:tex2html_wrap_inline358:lthtmlCropMarkDepth:=4.80951pt:1ex:=4.30554pt
[6]

:tex2html_wrap_inline362:lthtmlCropMarkHeight:=17.08998pt

:tex2html_wrap_inline362:lthtmlCropMarkDepth:=5.19841pt:1ex:=4.30554pt
[7]

:tex2html_wrap_inline364:lthtmlCropMarkHeight:=12.44444pt

:tex2html_wrap_inline364:lthtmlCropMarkDepth:=0.0pt:1ex:=4.30554pt
[8]

:tex2html_wrap_inline368:lthtmlCropMarkHeight:=17.08998pt

:tex2html_wrap_inline368:lthtmlCropMarkDepth:=4.80951pt:1ex:=4.30554pt
[9]

:tex2html_wrap_inline370:lthtmlCropMarkHeight:=10.30554pt

:tex2html_wrap_inline370:lthtmlCropMarkDepth:=1.94444pt:1ex:=4.30554pt
[10]

:tex2html_wrap_inline374:lthtmlCropMarkHeight:=16.70108pt

:tex2html_wrap_inline374:lthtmlCropMarkDepth:=4.80951pt:1ex:=4.30554pt
[11]

:tex2html_wrap_indisplay382:lthtmlCropMarkHeight:=19.44366pt

:tex2html_wrap_indisplay382:lthtmlCropMarkDepth:=9.66666pt:1ex:=4.30554pt
[12]

:tex2html_wrap_inline384:lthtmlCropMarkHeight:=12.44444pt

:tex2html_wrap_inline384:lthtmlCropMarkDepth:=1.49998pt:1ex:=4.30554pt
[13]

:tex2html_wrap_indisplay386:lthtmlCropMarkHeight:=19.44366pt

:tex2html_wrap_indisplay386:lthtmlCropMarkDepth:=9.66666pt:1ex:=4.30554pt
[14]

:tex2html_wrap_indisplay390:lthtmlCropMarkHeight:=19.44366pt

:tex2html_wrap_indisplay390:lthtmlCropMarkDepth:=9.66666pt:1ex:=4.30554pt
[15]

:tex2html_wrap_indisplay393:lthtmlCropMarkHeight:=19.20952pt

:tex2html_wrap_indisplay393:lthtmlCropMarkDepth:=9.66666pt:1ex:=4.30554pt
[16]

:tex2html_wrap_indisplay395:lthtmlCropMarkHeight:=20.26508pt

:tex2html_wrap_indisplay395:lthtmlCropMarkDepth:=9.66666pt:1ex:=4.30554pt
[17]

:tex2html_wrap_inline397:lthtmlCropMarkHeight:=13.51782pt

:tex2html_wrap_inline397:lthtmlCropMarkDepth:=0.83333pt:1ex:=4.30554pt
[18]

:tex2html_wrap_inline399:lthtmlCropMarkHeight:=13.51782pt

:tex2html_wrap_inline399:lthtmlCropMarkDepth:=1.94444pt:1ex:=4.30554pt
[19]

:tex2html_wrap_inline401:lthtmlCropMarkHeight:=13.5pt

:tex2html_wrap_inline401:lthtmlCropMarkDepth:=2.5pt:1ex:=4.30554pt
[20]

:tex2html_wrap_indisplay403:lthtmlCropMarkHeight:=20.2829pt

:tex2html_wrap_indisplay403:lthtmlCropMarkDepth:=9.66666pt:1ex:=4.30554pt
[21]

:tex2html_wrap_inline405:lthtmlCropMarkHeight:=13.51782pt

:tex2html_wrap_inline405:lthtmlCropMarkDepth:=0.0pt:1ex:=4.30554pt
[22]

:tex2html_wrap_indisplay407:lthtmlCropMarkHeight:=20.2829pt

:tex2html_wrap_indisplay407:lthtmlCropMarkDepth:=9.66666pt:1ex:=4.30554pt
[23]

:tex2html_wrap_inline409:lthtmlCropMarkHeight:=13.51782pt

:tex2html_wrap_inline409:lthtmlCropMarkDepth:=1.94444pt:1ex:=4.30554pt
[24]

:tex2html_wrap_indisplay411:lthtmlCropMarkHeight:=20.9051pt

:tex2html_wrap_indisplay411:lthtmlCropMarkDepth:=9.66666pt:1ex:=4.30554pt
[25]

:tex2html_wrap_indisplay414:lthtmlCropMarkHeight:=20.9051pt

:tex2html_wrap_indisplay414:lthtmlCropMarkDepth:=9.66666pt:1ex:=4.30554pt
[26]

:tex2html_wrap_indisplay418:lthtmlCropMarkHeight:=19.20952pt

:tex2html_wrap_indisplay418:lthtmlCropMarkDepth:=9.66666pt:1ex:=4.30554pt
[27]

:tex2html_wrap_inline420:lthtmlCropMarkHeight:=10.30554pt

:tex2html_wrap_inline420:lthtmlCropMarkDepth:=1.94444pt:1ex:=4.30554pt
[28]

:tex2html_wrap_indisplay422:lthtmlCropMarkHeight:=20.9051pt

:tex2html_wrap_indisplay422:lthtmlCropMarkDepth:=9.66666pt:1ex:=4.30554pt
[29]

:tex2html_wrap_indisplay425:lthtmlCropMarkHeight:=17.07062pt

:tex2html_wrap_indisplay425:lthtmlCropMarkDepth:=9.66666pt:1ex:=4.30554pt
[30]

:tex2html_wrap_indisplay429:lthtmlCropMarkHeight:=20.26508pt

:tex2html_wrap_indisplay429:lthtmlCropMarkDepth:=9.66666pt:1ex:=4.30554pt
[31]

:tex2html_wrap_indisplay433:lthtmlCropMarkHeight:=20.9051pt

:tex2html_wrap_indisplay433:lthtmlCropMarkDepth:=9.66666pt:1ex:=4.30554pt
[32] (./images.aux) ) 
Here is how much of TeX's memory you used:
 4035 strings out of 492615
 52473 string characters out of 6131390
 134992 words of memory out of 5000000
 7888 multiletter control sequences out of 15000+600000
 5339 words of font info for 22 fonts, out of 8000000 for 9000
 1141 hyphenation exceptions out of 8191
 41i,6n,35p,275b,359s stack positions out of 5000i,500n,10000p,200000b,80000s
</usr/share/texlive/texmf-dist/fonts/type1/public/amsfonts
/cm/cmmi10.pfb></usr/share/texlive/texmf-dist/fonts/type1/public/amsfonts/cm/cm
mi7.pfb></usr/share/texlive/texmf-dist/fonts/type1/public/amsfonts/cm/cmr10.pfb
></usr/share/texlive/texmf-dist/fonts/type1/public/amsfonts/cm/cmr5.pfb></usr/s
hare/texlive/texmf-dist/fonts/type1/public/amsfonts/cm/cmr7.pfb></usr/share/tex
live/texmf-dist/fonts/type1/public/amsfonts/cm/cmsy10.pfb></usr/share/texlive/t
exmf-dist/fonts/type1/public/amsfonts/cm/cmsy5.pfb></usr/share/texlive/texmf-di
st/fonts/type1/public/amsfonts/cm/cmsy7.pfb>
Output written on images.pdf (32 pages, 79937 bytes).
PDF statistics:
 139 PDF objects out of 1000 (max. 8388607)
 96 compressed objects within 1 object stream
 0 named destinations out of 1000 (max. 500000)
 1 words of extra memory for PDF output out of 10000 (max. 10000000)

